[2018-04-02 22:47:12] lumen.ERROR: Symfony\Component\Debug\Exception\FatalThrowableError: Class 'Application\Core\Providers\ServiceServiceProvider' not found in /var/www/Lumen-Doctrine-DDD-Example/vendor/laravel/lumen-framework/src/Application.php:164
Stack trace:
#0 /var/www/Lumen-Doctrine-DDD-Example/Application/bootstrap/app.php(105): Laravel\Lumen\Application->register('Application\\Cor...')
#1 /var/www/Lumen-Doctrine-DDD-Example/Application/public/index.php(14): require('/var/www/Lumen-...')
#2 {main}  
[2018-04-02 23:11:50] lumen.ERROR: Application\Core\Exceptions\ApplicationException: Selecione uma categoria para o produto in /var/www/Lumen-Doctrine-DDD-Example/Application/core/Services/ProductService.php:33
Stack trace:
#0 /var/www/Lumen-Doctrine-DDD-Example/Application/core/Http/Controllers/Controller.php(58): Application\Core\Services\ProductService->create(Array)
#1 [internal function]: Application\Core\Http\Controllers\Controller->store(Object(Illuminate\Http\Request))
#2 /var/www/Lumen-Doctrine-DDD-Example/vendor/illuminate/container/Container.php(508): call_user_func_array(Array, Array)
#3 /var/www/Lumen-Doctrine-DDD-Example/vendor/laravel/lumen-framework/src/Concerns/RoutesRequests.php(743): Illuminate\Container\Container->call(Array, Array)
#4 /var/www/Lumen-Doctrine-DDD-Example/vendor/laravel/lumen-framework/src/Concerns/RoutesRequests.php(709): Laravel\Lumen\Application->callControllerCallable(Array, Array)
#5 /var/www/Lumen-Doctrine-DDD-Example/vendor/laravel/lumen-framework/src/Concerns/RoutesRequests.php(683): Laravel\Lumen\Application->callLumenController(Object(Application\Core\Http\Controllers\ProductController), 'store', Array)
#6 /var/www/Lumen-Doctrine-DDD-Example/vendor/laravel/lumen-framework/src/Concerns/RoutesRequests.php(645): Laravel\Lumen\Application->callControllerAction(Array)
#7 /var/www/Lumen-Doctrine-DDD-Example/vendor/laravel/lumen-framework/src/Concerns/RoutesRequests.php(625): Laravel\Lumen\Application->callActionOnArrayBasedRoute(Array)
#8 [internal function]: Laravel\Lumen\Application->Laravel\Lumen\Concerns\{closure}(Object(Illuminate\Http\Request))
#9 /var/www/Lumen-Doctrine-DDD-Example/vendor/laravel/lumen-framework/src/Routing/Pipeline.php(52): call_user_func(Object(Closure), Object(Illuminate\Http\Request))
#10 /var/www/Lumen-Doctrine-DDD-Example/Application/core/Http/Middleware/CORSMiddleware.php(30): Laravel\Lumen\Routing\Pipeline->Laravel\Lumen\Routing\{closure}(Object(Illuminate\Http\Request))
#11 /var/www/Lumen-Doctrine-DDD-Example/vendor/illuminate/pipeline/Pipeline.php(137): Application\Core\Http\Middleware\CORSMiddleware->handle(Object(Illuminate\Http\Request), Object(Closure))
#12 [internal function]: Illuminate\Pipeline\Pipeline->Illuminate\Pipeline\{closure}(Object(Illuminate\Http\Request))
#13 /var/www/Lumen-Doctrine-DDD-Example/vendor/laravel/lumen-framework/src/Routing/Pipeline.php(32): call_user_func(Object(Closure), Object(Illuminate\Http\Request))
#14 /var/www/Lumen-Doctrine-DDD-Example/vendor/graham-campbell/throttle/src/Http/Middleware/ThrottleMiddleware.php(62): Laravel\Lumen\Routing\Pipeline->Laravel\Lumen\Routing\{closure}(Object(Illuminate\Http\Request))
#15 /var/www/Lumen-Doctrine-DDD-Example/vendor/illuminate/pipeline/Pipeline.php(137): GrahamCampbell\Throttle\Http\Middleware\ThrottleMiddleware->handle(Object(Illuminate\Http\Request), Object(Closure), '30:5')
#16 [internal function]: Illuminate\Pipeline\Pipeline->Illuminate\Pipeline\{closure}(Object(Illuminate\Http\Request))
#17 /var/www/Lumen-Doctrine-DDD-Example/vendor/laravel/lumen-framework/src/Routing/Pipeline.php(32): call_user_func(Object(Closure), Object(Illuminate\Http\Request))
#18 /var/www/Lumen-Doctrine-DDD-Example/Application/core/Http/Middleware/JWTMiddleware.php(30): Laravel\Lumen\Routing\Pipeline->Laravel\Lumen\Routing\{closure}(Object(Illuminate\Http\Request))
#19 /var/www/Lumen-Doctrine-DDD-Example/vendor/illuminate/pipeline/Pipeline.php(137): Application\Core\Http\Middleware\JWTMiddleware->handle(Object(Illuminate\Http\Request), Object(Closure))
#20 [internal function]: Illuminate\Pipeline\Pipeline->Illuminate\Pipeline\{closure}(Object(Illuminate\Http\Request))
#21 /var/www/Lumen-Doctrine-DDD-Example/vendor/laravel/lumen-framework/src/Routing/Pipeline.php(32): call_user_func(Object(Closure), Object(Illuminate\Http\Request))
#22 /var/www/Lumen-Doctrine-DDD-Example/Application/core/Http/Middleware/CORSMiddleware.php(30): Laravel\Lumen\Routing\Pipeline->Laravel\Lumen\Routing\{closure}(Object(Illuminate\Http\Request))
#23 /var/www/Lumen-Doctrine-DDD-Example/vendor/illuminate/pipeline/Pipeline.php(137): Application\Core\Http\Middleware\CORSMiddleware->handle(Object(Illuminate\Http\Request), Object(Closure))
#24 [internal function]: Illuminate\Pipeline\Pipeline->Illuminate\Pipeline\{closure}(Object(Illuminate\Http\Request))
#25 /var/www/Lumen-Doctrine-DDD-Example/vendor/laravel/lumen-framework/src/Routing/Pipeline.php(32): call_user_func(Object(Closure), Object(Illuminate\Http\Request))
#26 /var/www/Lumen-Doctrine-DDD-Example/vendor/graham-campbell/throttle/src/Http/Middleware/ThrottleMiddleware.php(62): Laravel\Lumen\Routing\Pipeline->Laravel\Lumen\Routing\{closure}(Object(Illuminate\Http\Request))
#27 /var/www/Lumen-Doctrine-DDD-Example/vendor/illuminate/pipeline/Pipeline.php(137): GrahamCampbell\Throttle\Http\Middleware\ThrottleMiddleware->handle(Object(Illuminate\Http\Request), Object(Closure), '3000:5')
#28 [internal function]: Illuminate\Pipeline\Pipeline->Illuminate\Pipeline\{closure}(Object(Illuminate\Http\Request))
#29 /var/www/Lumen-Doctrine-DDD-Example/vendor/laravel/lumen-framework/src/Routing/Pipeline.php(32): call_user_func(Object(Closure), Object(Illuminate\Http\Request))
#30 /var/www/Lumen-Doctrine-DDD-Example/vendor/illuminate/pipeline/Pipeline.php(104): Laravel\Lumen\Routing\Pipeline->Laravel\Lumen\Routing\{closure}(Object(Illuminate\Http\Request))
#31 /var/www/Lumen-Doctrine-DDD-Example/vendor/laravel/lumen-framework/src/Concerns/RoutesRequests.php(780): Illuminate\Pipeline\Pipeline->then(Object(Closure))
#32 /var/www/Lumen-Doctrine-DDD-Example/vendor/laravel/lumen-framework/src/Concerns/RoutesRequests.php(626): Laravel\Lumen\Application->sendThroughPipeline(Array, Object(Closure))
#33 /var/www/Lumen-Doctrine-DDD-Example/vendor/laravel/lumen-framework/src/Concerns/RoutesRequests.php(529): Laravel\Lumen\Application->handleFoundRoute(Array)
#34 [internal function]: Laravel\Lumen\Application->Laravel\Lumen\Concerns\{closure}(Object(Illuminate\Http\Request))
#35 /var/www/Lumen-Doctrine-DDD-Example/vendor/laravel/lumen-framework/src/Routing/Pipeline.php(52): call_user_func(Object(Closure), Object(Illuminate\Http\Request))
#36 /var/www/Lumen-Doctrine-DDD-Example/Application/core/Http/Middleware/CORSMiddleware.php(30): Laravel\Lumen\Routing\Pipeline->Laravel\Lumen\Routing\{closure}(Object(Illuminate\Http\Request))
#37 /var/www/Lumen-Doctrine-DDD-Example/vendor/illuminate/pipeline/Pipeline.php(137): Application\Core\Http\Middleware\CORSMiddleware->handle(Object(Illuminate\Http\Request), Object(Closure))
#38 [internal function]: Illuminate\Pipeline\Pipeline->Illuminate\Pipeline\{closure}(Object(Illuminate\Http\Request))
#39 /var/www/Lumen-Doctrine-DDD-Example/vendor/laravel/lumen-framework/src/Routing/Pipeline.php(32): call_user_func(Object(Closure), Object(Illuminate\Http\Request))
#40 /var/www/Lumen-Doctrine-DDD-Example/vendor/illuminate/pipeline/Pipeline.php(104): Laravel\Lumen\Routing\Pipeline->Laravel\Lumen\Routing\{closure}(Object(Illuminate\Http\Request))
#41 /var/www/Lumen-Doctrine-DDD-Example/vendor/laravel/lumen-framework/src/Concerns/RoutesRequests.php(780): Illuminate\Pipeline\Pipeline->then(Object(Closure))
#42 /var/www/Lumen-Doctrine-DDD-Example/vendor/laravel/lumen-framework/src/Concerns/RoutesRequests.php(535): Laravel\Lumen\Application->sendThroughPipeline(Array, Object(Closure))
#43 /var/www/Lumen-Doctrine-DDD-Example/vendor/laravel/lumen-framework/src/Concerns/RoutesRequests.php(476): Laravel\Lumen\Application->dispatch(Object(Illuminate\Http\Request))
#44 /var/www/Lumen-Doctrine-DDD-Example/Application/public/index.php(28): Laravel\Lumen\Application->run(Object(Illuminate\Http\Request))
#45 {main}  
[2018-04-02 23:27:53] lumen.ERROR: ReflectionException: Class Application\Services\ProductService does not exist in /var/www/Lumen-Doctrine-DDD-Example/vendor/illuminate/container/Container.php:809
Stack trace:
#0 /var/www/Lumen-Doctrine-DDD-Example/vendor/illuminate/container/Container.php(809): ReflectionParameter->getClass()
#1 /var/www/Lumen-Doctrine-DDD-Example/vendor/illuminate/container/Container.php(789): Illuminate\Container\Container->getDependencies(Array, Array)
#2 /var/www/Lumen-Doctrine-DDD-Example/vendor/illuminate/container/Container.php(644): Illuminate\Container\Container->build('Application\\Cor...', Array)
#3 /var/www/Lumen-Doctrine-DDD-Example/vendor/laravel/lumen-framework/src/Application.php(212): Illuminate\Container\Container->make('Application\\Cor...', Array)
#4 /var/www/Lumen-Doctrine-DDD-Example/vendor/laravel/lumen-framework/src/Concerns/RoutesRequests.php(678): Laravel\Lumen\Application->make('Application\\Cor...')
#5 /var/www/Lumen-Doctrine-DDD-Example/vendor/laravel/lumen-framework/src/Concerns/RoutesRequests.php(645): Laravel\Lumen\Application->callControllerAction(Array)
#6 /var/www/Lumen-Doctrine-DDD-Example/vendor/laravel/lumen-framework/src/Concerns/RoutesRequests.php(625): Laravel\Lumen\Application->callActionOnArrayBasedRoute(Array)
#7 [internal function]: Laravel\Lumen\Application->Laravel\Lumen\Concerns\{closure}(Object(Illuminate\Http\Request))
#8 /var/www/Lumen-Doctrine-DDD-Example/vendor/laravel/lumen-framework/src/Routing/Pipeline.php(52): call_user_func(Object(Closure), Object(Illuminate\Http\Request))
#9 /var/www/Lumen-Doctrine-DDD-Example/Application/Lumen53/core/Http/Middleware/CORSMiddleware.php(30): Laravel\Lumen\Routing\Pipeline->Laravel\Lumen\Routing\{closure}(Object(Illuminate\Http\Request))
#10 /var/www/Lumen-Doctrine-DDD-Example/vendor/illuminate/pipeline/Pipeline.php(137): Application\Core\Http\Middleware\CORSMiddleware->handle(Object(Illuminate\Http\Request), Object(Closure))
#11 [internal function]: Illuminate\Pipeline\Pipeline->Illuminate\Pipeline\{closure}(Object(Illuminate\Http\Request))
#12 /var/www/Lumen-Doctrine-DDD-Example/vendor/laravel/lumen-framework/src/Routing/Pipeline.php(32): call_user_func(Object(Closure), Object(Illuminate\Http\Request))
#13 /var/www/Lumen-Doctrine-DDD-Example/vendor/graham-campbell/throttle/src/Http/Middleware/ThrottleMiddleware.php(62): Laravel\Lumen\Routing\Pipeline->Laravel\Lumen\Routing\{closure}(Object(Illuminate\Http\Request))
#14 /var/www/Lumen-Doctrine-DDD-Example/vendor/illuminate/pipeline/Pipeline.php(137): GrahamCampbell\Throttle\Http\Middleware\ThrottleMiddleware->handle(Object(Illuminate\Http\Request), Object(Closure), '30:5')
#15 [internal function]: Illuminate\Pipeline\Pipeline->Illuminate\Pipeline\{closure}(Object(Illuminate\Http\Request))
#16 /var/www/Lumen-Doctrine-DDD-Example/vendor/laravel/lumen-framework/src/Routing/Pipeline.php(32): call_user_func(Object(Closure), Object(Illuminate\Http\Request))
#17 /var/www/Lumen-Doctrine-DDD-Example/Application/Lumen53/core/Http/Middleware/JWTMiddleware.php(30): Laravel\Lumen\Routing\Pipeline->Laravel\Lumen\Routing\{closure}(Object(Illuminate\Http\Request))
#18 /var/www/Lumen-Doctrine-DDD-Example/vendor/illuminate/pipeline/Pipeline.php(137): Application\Core\Http\Middleware\JWTMiddleware->handle(Object(Illuminate\Http\Request), Object(Closure))
#19 [internal function]: Illuminate\Pipeline\Pipeline->Illuminate\Pipeline\{closure}(Object(Illuminate\Http\Request))
#20 /var/www/Lumen-Doctrine-DDD-Example/vendor/laravel/lumen-framework/src/Routing/Pipeline.php(32): call_user_func(Object(Closure), Object(Illuminate\Http\Request))
#21 /var/www/Lumen-Doctrine-DDD-Example/Application/Lumen53/core/Http/Middleware/CORSMiddleware.php(30): Laravel\Lumen\Routing\Pipeline->Laravel\Lumen\Routing\{closure}(Object(Illuminate\Http\Request))
#22 /var/www/Lumen-Doctrine-DDD-Example/vendor/illuminate/pipeline/Pipeline.php(137): Application\Core\Http\Middleware\CORSMiddleware->handle(Object(Illuminate\Http\Request), Object(Closure))
#23 [internal function]: Illuminate\Pipeline\Pipeline->Illuminate\Pipeline\{closure}(Object(Illuminate\Http\Request))
#24 /var/www/Lumen-Doctrine-DDD-Example/vendor/laravel/lumen-framework/src/Routing/Pipeline.php(32): call_user_func(Object(Closure), Object(Illuminate\Http\Request))
#25 /var/www/Lumen-Doctrine-DDD-Example/vendor/graham-campbell/throttle/src/Http/Middleware/ThrottleMiddleware.php(62): Laravel\Lumen\Routing\Pipeline->Laravel\Lumen\Routing\{closure}(Object(Illuminate\Http\Request))
#26 /var/www/Lumen-Doctrine-DDD-Example/vendor/illuminate/pipeline/Pipeline.php(137): GrahamCampbell\Throttle\Http\Middleware\ThrottleMiddleware->handle(Object(Illuminate\Http\Request), Object(Closure), '3000:5')
#27 [internal function]: Illuminate\Pipeline\Pipeline->Illuminate\Pipeline\{closure}(Object(Illuminate\Http\Request))
#28 /var/www/Lumen-Doctrine-DDD-Example/vendor/laravel/lumen-framework/src/Routing/Pipeline.php(32): call_user_func(Object(Closure), Object(Illuminate\Http\Request))
#29 /var/www/Lumen-Doctrine-DDD-Example/vendor/illuminate/pipeline/Pipeline.php(104): Laravel\Lumen\Routing\Pipeline->Laravel\Lumen\Routing\{closure}(Object(Illuminate\Http\Request))
#30 /var/www/Lumen-Doctrine-DDD-Example/vendor/laravel/lumen-framework/src/Concerns/RoutesRequests.php(780): Illuminate\Pipeline\Pipeline->then(Object(Closure))
#31 /var/www/Lumen-Doctrine-DDD-Example/vendor/laravel/lumen-framework/src/Concerns/RoutesRequests.php(626): Laravel\Lumen\Application->sendThroughPipeline(Array, Object(Closure))
#32 /var/www/Lumen-Doctrine-DDD-Example/vendor/laravel/lumen-framework/src/Concerns/RoutesRequests.php(529): Laravel\Lumen\Application->handleFoundRoute(Array)
#33 [internal function]: Laravel\Lumen\Application->Laravel\Lumen\Concerns\{closure}(Object(Illuminate\Http\Request))
#34 /var/www/Lumen-Doctrine-DDD-Example/vendor/laravel/lumen-framework/src/Routing/Pipeline.php(52): call_user_func(Object(Closure), Object(Illuminate\Http\Request))
#35 /var/www/Lumen-Doctrine-DDD-Example/Application/Lumen53/core/Http/Middleware/CORSMiddleware.php(30): Laravel\Lumen\Routing\Pipeline->Laravel\Lumen\Routing\{closure}(Object(Illuminate\Http\Request))
#36 /var/www/Lumen-Doctrine-DDD-Example/vendor/illuminate/pipeline/Pipeline.php(137): Application\Core\Http\Middleware\CORSMiddleware->handle(Object(Illuminate\Http\Request), Object(Closure))
#37 [internal function]: Illuminate\Pipeline\Pipeline->Illuminate\Pipeline\{closure}(Object(Illuminate\Http\Request))
#38 /var/www/Lumen-Doctrine-DDD-Example/vendor/laravel/lumen-framework/src/Routing/Pipeline.php(32): call_user_func(Object(Closure), Object(Illuminate\Http\Request))
#39 /var/www/Lumen-Doctrine-DDD-Example/vendor/illuminate/pipeline/Pipeline.php(104): Laravel\Lumen\Routing\Pipeline->Laravel\Lumen\Routing\{closure}(Object(Illuminate\Http\Request))
#40 /var/www/Lumen-Doctrine-DDD-Example/vendor/laravel/lumen-framework/src/Concerns/RoutesRequests.php(780): Illuminate\Pipeline\Pipeline->then(Object(Closure))
#41 /var/www/Lumen-Doctrine-DDD-Example/vendor/laravel/lumen-framework/src/Concerns/RoutesRequests.php(535): Laravel\Lumen\Application->sendThroughPipeline(Array, Object(Closure))
#42 /var/www/Lumen-Doctrine-DDD-Example/vendor/laravel/lumen-framework/src/Concerns/RoutesRequests.php(476): Laravel\Lumen\Application->dispatch(Object(Illuminate\Http\Request))
#43 /var/www/Lumen-Doctrine-DDD-Example/Application/Lumen53/public/index.php(28): Laravel\Lumen\Application->run(Object(Illuminate\Http\Request))
#44 {main}  
[2018-04-02 23:29:30] lumen.ERROR: ReflectionException: Class Application\Services\ProductService does not exist in /var/www/Lumen-Doctrine-DDD-Example/vendor/illuminate/container/Container.php:809
Stack trace:
#0 /var/www/Lumen-Doctrine-DDD-Example/vendor/illuminate/container/Container.php(809): ReflectionParameter->getClass()
#1 /var/www/Lumen-Doctrine-DDD-Example/vendor/illuminate/container/Container.php(789): Illuminate\Container\Container->getDependencies(Array, Array)
#2 /var/www/Lumen-Doctrine-DDD-Example/vendor/illuminate/container/Container.php(644): Illuminate\Container\Container->build('Application\\Cor...', Array)
#3 /var/www/Lumen-Doctrine-DDD-Example/vendor/laravel/lumen-framework/src/Application.php(212): Illuminate\Container\Container->make('Application\\Cor...', Array)
#4 /var/www/Lumen-Doctrine-DDD-Example/vendor/laravel/lumen-framework/src/Concerns/RoutesRequests.php(678): Laravel\Lumen\Application->make('Application\\Cor...')
#5 /var/www/Lumen-Doctrine-DDD-Example/vendor/laravel/lumen-framework/src/Concerns/RoutesRequests.php(645): Laravel\Lumen\Application->callControllerAction(Array)
#6 /var/www/Lumen-Doctrine-DDD-Example/vendor/laravel/lumen-framework/src/Concerns/RoutesRequests.php(625): Laravel\Lumen\Application->callActionOnArrayBasedRoute(Array)
#7 [internal function]: Laravel\Lumen\Application->Laravel\Lumen\Concerns\{closure}(Object(Illuminate\Http\Request))
#8 /var/www/Lumen-Doctrine-DDD-Example/vendor/laravel/lumen-framework/src/Routing/Pipeline.php(52): call_user_func(Object(Closure), Object(Illuminate\Http\Request))
#9 /var/www/Lumen-Doctrine-DDD-Example/Application/Lumen53/core/Http/Middleware/CORSMiddleware.php(30): Laravel\Lumen\Routing\Pipeline->Laravel\Lumen\Routing\{closure}(Object(Illuminate\Http\Request))
#10 /var/www/Lumen-Doctrine-DDD-Example/vendor/illuminate/pipeline/Pipeline.php(137): Application\Core\Http\Middleware\CORSMiddleware->handle(Object(Illuminate\Http\Request), Object(Closure))
#11 [internal function]: Illuminate\Pipeline\Pipeline->Illuminate\Pipeline\{closure}(Object(Illuminate\Http\Request))
#12 /var/www/Lumen-Doctrine-DDD-Example/vendor/laravel/lumen-framework/src/Routing/Pipeline.php(32): call_user_func(Object(Closure), Object(Illuminate\Http\Request))
#13 /var/www/Lumen-Doctrine-DDD-Example/vendor/graham-campbell/throttle/src/Http/Middleware/ThrottleMiddleware.php(62): Laravel\Lumen\Routing\Pipeline->Laravel\Lumen\Routing\{closure}(Object(Illuminate\Http\Request))
#14 /var/www/Lumen-Doctrine-DDD-Example/vendor/illuminate/pipeline/Pipeline.php(137): GrahamCampbell\Throttle\Http\Middleware\ThrottleMiddleware->handle(Object(Illuminate\Http\Request), Object(Closure), '30:5')
#15 [internal function]: Illuminate\Pipeline\Pipeline->Illuminate\Pipeline\{closure}(Object(Illuminate\Http\Request))
#16 /var/www/Lumen-Doctrine-DDD-Example/vendor/laravel/lumen-framework/src/Routing/Pipeline.php(32): call_user_func(Object(Closure), Object(Illuminate\Http\Request))
#17 /var/www/Lumen-Doctrine-DDD-Example/Application/Lumen53/core/Http/Middleware/JWTMiddleware.php(30): Laravel\Lumen\Routing\Pipeline->Laravel\Lumen\Routing\{closure}(Object(Illuminate\Http\Request))
#18 /var/www/Lumen-Doctrine-DDD-Example/vendor/illuminate/pipeline/Pipeline.php(137): Application\Core\Http\Middleware\JWTMiddleware->handle(Object(Illuminate\Http\Request), Object(Closure))
#19 [internal function]: Illuminate\Pipeline\Pipeline->Illuminate\Pipeline\{closure}(Object(Illuminate\Http\Request))
#20 /var/www/Lumen-Doctrine-DDD-Example/vendor/laravel/lumen-framework/src/Routing/Pipeline.php(32): call_user_func(Object(Closure), Object(Illuminate\Http\Request))
#21 /var/www/Lumen-Doctrine-DDD-Example/Application/Lumen53/core/Http/Middleware/CORSMiddleware.php(30): Laravel\Lumen\Routing\Pipeline->Laravel\Lumen\Routing\{closure}(Object(Illuminate\Http\Request))
#22 /var/www/Lumen-Doctrine-DDD-Example/vendor/illuminate/pipeline/Pipeline.php(137): Application\Core\Http\Middleware\CORSMiddleware->handle(Object(Illuminate\Http\Request), Object(Closure))
#23 [internal function]: Illuminate\Pipeline\Pipeline->Illuminate\Pipeline\{closure}(Object(Illuminate\Http\Request))
#24 /var/www/Lumen-Doctrine-DDD-Example/vendor/laravel/lumen-framework/src/Routing/Pipeline.php(32): call_user_func(Object(Closure), Object(Illuminate\Http\Request))
#25 /var/www/Lumen-Doctrine-DDD-Example/vendor/graham-campbell/throttle/src/Http/Middleware/ThrottleMiddleware.php(62): Laravel\Lumen\Routing\Pipeline->Laravel\Lumen\Routing\{closure}(Object(Illuminate\Http\Request))
#26 /var/www/Lumen-Doctrine-DDD-Example/vendor/illuminate/pipeline/Pipeline.php(137): GrahamCampbell\Throttle\Http\Middleware\ThrottleMiddleware->handle(Object(Illuminate\Http\Request), Object(Closure), '3000:5')
#27 [internal function]: Illuminate\Pipeline\Pipeline->Illuminate\Pipeline\{closure}(Object(Illuminate\Http\Request))
#28 /var/www/Lumen-Doctrine-DDD-Example/vendor/laravel/lumen-framework/src/Routing/Pipeline.php(32): call_user_func(Object(Closure), Object(Illuminate\Http\Request))
#29 /var/www/Lumen-Doctrine-DDD-Example/vendor/illuminate/pipeline/Pipeline.php(104): Laravel\Lumen\Routing\Pipeline->Laravel\Lumen\Routing\{closure}(Object(Illuminate\Http\Request))
#30 /var/www/Lumen-Doctrine-DDD-Example/vendor/laravel/lumen-framework/src/Concerns/RoutesRequests.php(780): Illuminate\Pipeline\Pipeline->then(Object(Closure))
#31 /var/www/Lumen-Doctrine-DDD-Example/vendor/laravel/lumen-framework/src/Concerns/RoutesRequests.php(626): Laravel\Lumen\Application->sendThroughPipeline(Array, Object(Closure))
#32 /var/www/Lumen-Doctrine-DDD-Example/vendor/laravel/lumen-framework/src/Concerns/RoutesRequests.php(529): Laravel\Lumen\Application->handleFoundRoute(Array)
#33 [internal function]: Laravel\Lumen\Application->Laravel\Lumen\Concerns\{closure}(Object(Illuminate\Http\Request))
#34 /var/www/Lumen-Doctrine-DDD-Example/vendor/laravel/lumen-framework/src/Routing/Pipeline.php(52): call_user_func(Object(Closure), Object(Illuminate\Http\Request))
#35 /var/www/Lumen-Doctrine-DDD-Example/Application/Lumen53/core/Http/Middleware/CORSMiddleware.php(30): Laravel\Lumen\Routing\Pipeline->Laravel\Lumen\Routing\{closure}(Object(Illuminate\Http\Request))
#36 /var/www/Lumen-Doctrine-DDD-Example/vendor/illuminate/pipeline/Pipeline.php(137): Application\Core\Http\Middleware\CORSMiddleware->handle(Object(Illuminate\Http\Request), Object(Closure))
#37 [internal function]: Illuminate\Pipeline\Pipeline->Illuminate\Pipeline\{closure}(Object(Illuminate\Http\Request))
#38 /var/www/Lumen-Doctrine-DDD-Example/vendor/laravel/lumen-framework/src/Routing/Pipeline.php(32): call_user_func(Object(Closure), Object(Illuminate\Http\Request))
#39 /var/www/Lumen-Doctrine-DDD-Example/vendor/illuminate/pipeline/Pipeline.php(104): Laravel\Lumen\Routing\Pipeline->Laravel\Lumen\Routing\{closure}(Object(Illuminate\Http\Request))
#40 /var/www/Lumen-Doctrine-DDD-Example/vendor/laravel/lumen-framework/src/Concerns/RoutesRequests.php(780): Illuminate\Pipeline\Pipeline->then(Object(Closure))
#41 /var/www/Lumen-Doctrine-DDD-Example/vendor/laravel/lumen-framework/src/Concerns/RoutesRequests.php(535): Laravel\Lumen\Application->sendThroughPipeline(Array, Object(Closure))
#42 /var/www/Lumen-Doctrine-DDD-Example/vendor/laravel/lumen-framework/src/Concerns/RoutesRequests.php(476): Laravel\Lumen\Application->dispatch(Object(Illuminate\Http\Request))
#43 /var/www/Lumen-Doctrine-DDD-Example/Application/Lumen53/public/index.php(28): Laravel\Lumen\Application->run(Object(Illuminate\Http\Request))
#44 {main}  
[2018-04-02 23:30:02] lumen.ERROR: ReflectionException: Class Application\Services\ProductService does not exist in /var/www/Lumen-Doctrine-DDD-Example/vendor/illuminate/container/Container.php:809
Stack trace:
#0 /var/www/Lumen-Doctrine-DDD-Example/vendor/illuminate/container/Container.php(809): ReflectionParameter->getClass()
#1 /var/www/Lumen-Doctrine-DDD-Example/vendor/illuminate/container/Container.php(789): Illuminate\Container\Container->getDependencies(Array, Array)
#2 /var/www/Lumen-Doctrine-DDD-Example/vendor/illuminate/container/Container.php(644): Illuminate\Container\Container->build('Application\\Cor...', Array)
#3 /var/www/Lumen-Doctrine-DDD-Example/vendor/laravel/lumen-framework/src/Application.php(212): Illuminate\Container\Container->make('Application\\Cor...', Array)
#4 /var/www/Lumen-Doctrine-DDD-Example/vendor/laravel/lumen-framework/src/Concerns/RoutesRequests.php(678): Laravel\Lumen\Application->make('Application\\Cor...')
#5 /var/www/Lumen-Doctrine-DDD-Example/vendor/laravel/lumen-framework/src/Concerns/RoutesRequests.php(645): Laravel\Lumen\Application->callControllerAction(Array)
#6 /var/www/Lumen-Doctrine-DDD-Example/vendor/laravel/lumen-framework/src/Concerns/RoutesRequests.php(625): Laravel\Lumen\Application->callActionOnArrayBasedRoute(Array)
#7 [internal function]: Laravel\Lumen\Application->Laravel\Lumen\Concerns\{closure}(Object(Illuminate\Http\Request))
#8 /var/www/Lumen-Doctrine-DDD-Example/vendor/laravel/lumen-framework/src/Routing/Pipeline.php(52): call_user_func(Object(Closure), Object(Illuminate\Http\Request))
#9 /var/www/Lumen-Doctrine-DDD-Example/Application/Lumen53/core/Http/Middleware/CORSMiddleware.php(30): Laravel\Lumen\Routing\Pipeline->Laravel\Lumen\Routing\{closure}(Object(Illuminate\Http\Request))
#10 /var/www/Lumen-Doctrine-DDD-Example/vendor/illuminate/pipeline/Pipeline.php(137): Application\Core\Http\Middleware\CORSMiddleware->handle(Object(Illuminate\Http\Request), Object(Closure))
#11 [internal function]: Illuminate\Pipeline\Pipeline->Illuminate\Pipeline\{closure}(Object(Illuminate\Http\Request))
#12 /var/www/Lumen-Doctrine-DDD-Example/vendor/laravel/lumen-framework/src/Routing/Pipeline.php(32): call_user_func(Object(Closure), Object(Illuminate\Http\Request))
#13 /var/www/Lumen-Doctrine-DDD-Example/vendor/graham-campbell/throttle/src/Http/Middleware/ThrottleMiddleware.php(62): Laravel\Lumen\Routing\Pipeline->Laravel\Lumen\Routing\{closure}(Object(Illuminate\Http\Request))
#14 /var/www/Lumen-Doctrine-DDD-Example/vendor/illuminate/pipeline/Pipeline.php(137): GrahamCampbell\Throttle\Http\Middleware\ThrottleMiddleware->handle(Object(Illuminate\Http\Request), Object(Closure), '30:5')
#15 [internal function]: Illuminate\Pipeline\Pipeline->Illuminate\Pipeline\{closure}(Object(Illuminate\Http\Request))
#16 /var/www/Lumen-Doctrine-DDD-Example/vendor/laravel/lumen-framework/src/Routing/Pipeline.php(32): call_user_func(Object(Closure), Object(Illuminate\Http\Request))
#17 /var/www/Lumen-Doctrine-DDD-Example/Application/Lumen53/core/Http/Middleware/JWTMiddleware.php(30): Laravel\Lumen\Routing\Pipeline->Laravel\Lumen\Routing\{closure}(Object(Illuminate\Http\Request))
#18 /var/www/Lumen-Doctrine-DDD-Example/vendor/illuminate/pipeline/Pipeline.php(137): Application\Core\Http\Middleware\JWTMiddleware->handle(Object(Illuminate\Http\Request), Object(Closure))
#19 [internal function]: Illuminate\Pipeline\Pipeline->Illuminate\Pipeline\{closure}(Object(Illuminate\Http\Request))
#20 /var/www/Lumen-Doctrine-DDD-Example/vendor/laravel/lumen-framework/src/Routing/Pipeline.php(32): call_user_func(Object(Closure), Object(Illuminate\Http\Request))
#21 /var/www/Lumen-Doctrine-DDD-Example/Application/Lumen53/core/Http/Middleware/CORSMiddleware.php(30): Laravel\Lumen\Routing\Pipeline->Laravel\Lumen\Routing\{closure}(Object(Illuminate\Http\Request))
#22 /var/www/Lumen-Doctrine-DDD-Example/vendor/illuminate/pipeline/Pipeline.php(137): Application\Core\Http\Middleware\CORSMiddleware->handle(Object(Illuminate\Http\Request), Object(Closure))
#23 [internal function]: Illuminate\Pipeline\Pipeline->Illuminate\Pipeline\{closure}(Object(Illuminate\Http\Request))
#24 /var/www/Lumen-Doctrine-DDD-Example/vendor/laravel/lumen-framework/src/Routing/Pipeline.php(32): call_user_func(Object(Closure), Object(Illuminate\Http\Request))
#25 /var/www/Lumen-Doctrine-DDD-Example/vendor/graham-campbell/throttle/src/Http/Middleware/ThrottleMiddleware.php(62): Laravel\Lumen\Routing\Pipeline->Laravel\Lumen\Routing\{closure}(Object(Illuminate\Http\Request))
#26 /var/www/Lumen-Doctrine-DDD-Example/vendor/illuminate/pipeline/Pipeline.php(137): GrahamCampbell\Throttle\Http\Middleware\ThrottleMiddleware->handle(Object(Illuminate\Http\Request), Object(Closure), '3000:5')
#27 [internal function]: Illuminate\Pipeline\Pipeline->Illuminate\Pipeline\{closure}(Object(Illuminate\Http\Request))
#28 /var/www/Lumen-Doctrine-DDD-Example/vendor/laravel/lumen-framework/src/Routing/Pipeline.php(32): call_user_func(Object(Closure), Object(Illuminate\Http\Request))
#29 /var/www/Lumen-Doctrine-DDD-Example/vendor/illuminate/pipeline/Pipeline.php(104): Laravel\Lumen\Routing\Pipeline->Laravel\Lumen\Routing\{closure}(Object(Illuminate\Http\Request))
#30 /var/www/Lumen-Doctrine-DDD-Example/vendor/laravel/lumen-framework/src/Concerns/RoutesRequests.php(780): Illuminate\Pipeline\Pipeline->then(Object(Closure))
#31 /var/www/Lumen-Doctrine-DDD-Example/vendor/laravel/lumen-framework/src/Concerns/RoutesRequests.php(626): Laravel\Lumen\Application->sendThroughPipeline(Array, Object(Closure))
#32 /var/www/Lumen-Doctrine-DDD-Example/vendor/laravel/lumen-framework/src/Concerns/RoutesRequests.php(529): Laravel\Lumen\Application->handleFoundRoute(Array)
#33 [internal function]: Laravel\Lumen\Application->Laravel\Lumen\Concerns\{closure}(Object(Illuminate\Http\Request))
#34 /var/www/Lumen-Doctrine-DDD-Example/vendor/laravel/lumen-framework/src/Routing/Pipeline.php(52): call_user_func(Object(Closure), Object(Illuminate\Http\Request))
#35 /var/www/Lumen-Doctrine-DDD-Example/Application/Lumen53/core/Http/Middleware/CORSMiddleware.php(30): Laravel\Lumen\Routing\Pipeline->Laravel\Lumen\Routing\{closure}(Object(Illuminate\Http\Request))
#36 /var/www/Lumen-Doctrine-DDD-Example/vendor/illuminate/pipeline/Pipeline.php(137): Application\Core\Http\Middleware\CORSMiddleware->handle(Object(Illuminate\Http\Request), Object(Closure))
#37 [internal function]: Illuminate\Pipeline\Pipeline->Illuminate\Pipeline\{closure}(Object(Illuminate\Http\Request))
#38 /var/www/Lumen-Doctrine-DDD-Example/vendor/laravel/lumen-framework/src/Routing/Pipeline.php(32): call_user_func(Object(Closure), Object(Illuminate\Http\Request))
#39 /var/www/Lumen-Doctrine-DDD-Example/vendor/illuminate/pipeline/Pipeline.php(104): Laravel\Lumen\Routing\Pipeline->Laravel\Lumen\Routing\{closure}(Object(Illuminate\Http\Request))
#40 /var/www/Lumen-Doctrine-DDD-Example/vendor/laravel/lumen-framework/src/Concerns/RoutesRequests.php(780): Illuminate\Pipeline\Pipeline->then(Object(Closure))
#41 /var/www/Lumen-Doctrine-DDD-Example/vendor/laravel/lumen-framework/src/Concerns/RoutesRequests.php(535): Laravel\Lumen\Application->sendThroughPipeline(Array, Object(Closure))
#42 /var/www/Lumen-Doctrine-DDD-Example/vendor/laravel/lumen-framework/src/Concerns/RoutesRequests.php(476): Laravel\Lumen\Application->dispatch(Object(Illuminate\Http\Request))
#43 /var/www/Lumen-Doctrine-DDD-Example/Application/Lumen53/public/index.php(28): Laravel\Lumen\Application->run(Object(Illuminate\Http\Request))
#44 {main}  
[2018-04-02 23:33:52] lumen.ERROR: Doctrine\Common\Persistence\Mapping\MappingException: No mapping file found named 'Domain.Entities.Product.dcm.yml' for class 'Domain\Entities\Product'. in /var/www/Lumen-Doctrine-DDD-Example/vendor/doctrine/common/lib/Doctrine/Common/Persistence/Mapping/MappingException.php:75
Stack trace:
#0 /var/www/Lumen-Doctrine-DDD-Example/vendor/doctrine/common/lib/Doctrine/Common/Persistence/Mapping/Driver/DefaultFileLocator.php(120): Doctrine\Common\Persistence\Mapping\MappingException::mappingFileNotFound('Domain\\Entities...', 'Domain.Entities...')
#1 /var/www/Lumen-Doctrine-DDD-Example/vendor/doctrine/common/lib/Doctrine/Common/Persistence/Mapping/Driver/FileDriver.php(115): Doctrine\Common\Persistence\Mapping\Driver\DefaultFileLocator->findMappingFile('Domain\\Entities...')
#2 /var/www/Lumen-Doctrine-DDD-Example/vendor/doctrine/orm/lib/Doctrine/ORM/Mapping/Driver/YamlDriver.php(55): Doctrine\Common\Persistence\Mapping\Driver\FileDriver->getElement('Domain\\Entities...')
#3 /var/www/Lumen-Doctrine-DDD-Example/vendor/doctrine/common/lib/Doctrine/Common/Persistence/Mapping/Driver/MappingDriverChain.php(102): Doctrine\ORM\Mapping\Driver\YamlDriver->loadMetadataForClass('Domain\\Entities...', Object(Doctrine\ORM\Mapping\ClassMetadata))
#4 /var/www/Lumen-Doctrine-DDD-Example/vendor/doctrine/orm/lib/Doctrine/ORM/Mapping/ClassMetadataFactory.php(151): Doctrine\Common\Persistence\Mapping\Driver\MappingDriverChain->loadMetadataForClass('Domain\\Entities...', Object(Doctrine\ORM\Mapping\ClassMetadata))
#5 /var/www/Lumen-Doctrine-DDD-Example/vendor/doctrine/common/lib/Doctrine/Common/Persistence/Mapping/AbstractClassMetadataFactory.php(333): Doctrine\ORM\Mapping\ClassMetadataFactory->doLoadMetadata(Object(Doctrine\ORM\Mapping\ClassMetadata), NULL, false, Array)
#6 /var/www/Lumen-Doctrine-DDD-Example/vendor/doctrine/orm/lib/Doctrine/ORM/Mapping/ClassMetadataFactory.php(78): Doctrine\Common\Persistence\Mapping\AbstractClassMetadataFactory->loadMetadata('Domain\\Entities...')
#7 /var/www/Lumen-Doctrine-DDD-Example/vendor/doctrine/common/lib/Doctrine/Common/Persistence/Mapping/AbstractClassMetadataFactory.php(217): Doctrine\ORM\Mapping\ClassMetadataFactory->loadMetadata('Domain\\Entities...')
#8 /var/www/Lumen-Doctrine-DDD-Example/vendor/doctrine/orm/lib/Doctrine/ORM/EntityManager.php(281): Doctrine\Common\Persistence\Mapping\AbstractClassMetadataFactory->getMetadataFor('Domain\\Entities...')
#9 /var/www/Lumen-Doctrine-DDD-Example/vendor/doctrine/orm/lib/Doctrine/ORM/Query/Parser.php(1710): Doctrine\ORM\EntityManager->getClassMetadata('Domain\\Entities...')
#10 /var/www/Lumen-Doctrine-DDD-Example/vendor/doctrine/orm/lib/Doctrine/ORM/Query/Parser.php(1557): Doctrine\ORM\Query\Parser->RangeVariableDeclaration()
#11 /var/www/Lumen-Doctrine-DDD-Example/vendor/doctrine/orm/lib/Doctrine/ORM/Query/Parser.php(1292): Doctrine\ORM\Query\Parser->IdentificationVariableDeclaration()
#12 /var/www/Lumen-Doctrine-DDD-Example/vendor/doctrine/orm/lib/Doctrine/ORM/Query/Parser.php(874): Doctrine\ORM\Query\Parser->FromClause()
#13 /var/www/Lumen-Doctrine-DDD-Example/vendor/doctrine/orm/lib/Doctrine/ORM/Query/Parser.php(843): Doctrine\ORM\Query\Parser->SelectStatement()
#14 /var/www/Lumen-Doctrine-DDD-Example/vendor/doctrine/orm/lib/Doctrine/ORM/Query/Parser.php(268): Doctrine\ORM\Query\Parser->QueryLanguage()
#15 /var/www/Lumen-Doctrine-DDD-Example/vendor/doctrine/orm/lib/Doctrine/ORM/Query/Parser.php(351): Doctrine\ORM\Query\Parser->getAST()
#16 /var/www/Lumen-Doctrine-DDD-Example/vendor/doctrine/orm/lib/Doctrine/ORM/Tools/Pagination/Paginator.php(263): Doctrine\ORM\Query\Parser->parse()
#17 /var/www/Lumen-Doctrine-DDD-Example/vendor/doctrine/orm/lib/Doctrine/ORM/Tools/Pagination/Paginator.php(123): Doctrine\ORM\Tools\Pagination\Paginator->getCountQuery()
#18 /var/www/Lumen-Doctrine-DDD-Example/Infrastructure/Persistence/Doctrine/Repositories/Paginator.php(48): Doctrine\ORM\Tools\Pagination\Paginator->count()
#19 /var/www/Lumen-Doctrine-DDD-Example/Infrastructure/Persistence/Doctrine/Repositories/AbstractRepository.php(57): Infrastructure\Persistence\Doctrine\Repositories\Paginator->__construct(Object(Doctrine\ORM\Query), 1)
#20 /var/www/Lumen-Doctrine-DDD-Example/Infrastructure/Persistence/Doctrine/Repositories/ProductRepository.php(33): Infrastructure\Persistence\Doctrine\Repositories\AbstractRepository->getPaginatedData(Object(Doctrine\ORM\Query), Array)
#21 /var/www/Lumen-Doctrine-DDD-Example/Domain/Abstractions/AbstractDomainService.php(35): Infrastructure\Persistence\Doctrine\Repositories\ProductRepository->findAllFiltered(Array)
#22 /var/www/Lumen-Doctrine-DDD-Example/Application/Services/ProductService.php(18): Domain\Abstractions\AbstractDomainService->findAllFiltered(Array)
#23 /var/www/Lumen-Doctrine-DDD-Example/Application/Lumen53/core/Http/Controllers/Controller.php(36): Application\Services\ProductService->findAll(Array)
#24 [internal function]: Application\Lumen53\Http\Controllers\Controller->index(Object(Illuminate\Http\Request))
#25 /var/www/Lumen-Doctrine-DDD-Example/vendor/illuminate/container/Container.php(508): call_user_func_array(Array, Array)
#26 /var/www/Lumen-Doctrine-DDD-Example/vendor/laravel/lumen-framework/src/Concerns/RoutesRequests.php(743): Illuminate\Container\Container->call(Array, Array)
#27 /var/www/Lumen-Doctrine-DDD-Example/vendor/laravel/lumen-framework/src/Concerns/RoutesRequests.php(709): Laravel\Lumen\Application->callControllerCallable(Array, Array)
#28 /var/www/Lumen-Doctrine-DDD-Example/vendor/laravel/lumen-framework/src/Concerns/RoutesRequests.php(683): Laravel\Lumen\Application->callLumenController(Object(Application\Lumen53\Http\Controllers\ProductController), 'index', Array)
#29 /var/www/Lumen-Doctrine-DDD-Example/vendor/laravel/lumen-framework/src/Concerns/RoutesRequests.php(645): Laravel\Lumen\Application->callControllerAction(Array)
#30 /var/www/Lumen-Doctrine-DDD-Example/vendor/laravel/lumen-framework/src/Concerns/RoutesRequests.php(625): Laravel\Lumen\Application->callActionOnArrayBasedRoute(Array)
#31 [internal function]: Laravel\Lumen\Application->Laravel\Lumen\Concerns\{closure}(Object(Illuminate\Http\Request))
#32 /var/www/Lumen-Doctrine-DDD-Example/vendor/laravel/lumen-framework/src/Routing/Pipeline.php(52): call_user_func(Object(Closure), Object(Illuminate\Http\Request))
#33 /var/www/Lumen-Doctrine-DDD-Example/Application/Lumen53/core/Http/Middleware/CORSMiddleware.php(30): Laravel\Lumen\Routing\Pipeline->Laravel\Lumen\Routing\{closure}(Object(Illuminate\Http\Request))
#34 /var/www/Lumen-Doctrine-DDD-Example/vendor/illuminate/pipeline/Pipeline.php(137): Application\Lumen53\Http\Middleware\CORSMiddleware->handle(Object(Illuminate\Http\Request), Object(Closure))
#35 [internal function]: Illuminate\Pipeline\Pipeline->Illuminate\Pipeline\{closure}(Object(Illuminate\Http\Request))
#36 /var/www/Lumen-Doctrine-DDD-Example/vendor/laravel/lumen-framework/src/Routing/Pipeline.php(32): call_user_func(Object(Closure), Object(Illuminate\Http\Request))
#37 /var/www/Lumen-Doctrine-DDD-Example/vendor/graham-campbell/throttle/src/Http/Middleware/ThrottleMiddleware.php(62): Laravel\Lumen\Routing\Pipeline->Laravel\Lumen\Routing\{closure}(Object(Illuminate\Http\Request))
#38 /var/www/Lumen-Doctrine-DDD-Example/vendor/illuminate/pipeline/Pipeline.php(137): GrahamCampbell\Throttle\Http\Middleware\ThrottleMiddleware->handle(Object(Illuminate\Http\Request), Object(Closure), '30:5')
#39 [internal function]: Illuminate\Pipeline\Pipeline->Illuminate\Pipeline\{closure}(Object(Illuminate\Http\Request))
#40 /var/www/Lumen-Doctrine-DDD-Example/vendor/laravel/lumen-framework/src/Routing/Pipeline.php(32): call_user_func(Object(Closure), Object(Illuminate\Http\Request))
#41 /var/www/Lumen-Doctrine-DDD-Example/Application/Lumen53/core/Http/Middleware/JWTMiddleware.php(30): Laravel\Lumen\Routing\Pipeline->Laravel\Lumen\Routing\{closure}(Object(Illuminate\Http\Request))
#42 /var/www/Lumen-Doctrine-DDD-Example/vendor/illuminate/pipeline/Pipeline.php(137): Application\Lumen53\Http\Middleware\JWTMiddleware->handle(Object(Illuminate\Http\Request), Object(Closure))
#43 [internal function]: Illuminate\Pipeline\Pipeline->Illuminate\Pipeline\{closure}(Object(Illuminate\Http\Request))
#44 /var/www/Lumen-Doctrine-DDD-Example/vendor/laravel/lumen-framework/src/Routing/Pipeline.php(32): call_user_func(Object(Closure), Object(Illuminate\Http\Request))
#45 /var/www/Lumen-Doctrine-DDD-Example/Application/Lumen53/core/Http/Middleware/CORSMiddleware.php(30): Laravel\Lumen\Routing\Pipeline->Laravel\Lumen\Routing\{closure}(Object(Illuminate\Http\Request))
#46 /var/www/Lumen-Doctrine-DDD-Example/vendor/illuminate/pipeline/Pipeline.php(137): Application\Lumen53\Http\Middleware\CORSMiddleware->handle(Object(Illuminate\Http\Request), Object(Closure))
#47 [internal function]: Illuminate\Pipeline\Pipeline->Illuminate\Pipeline\{closure}(Object(Illuminate\Http\Request))
#48 /var/www/Lumen-Doctrine-DDD-Example/vendor/laravel/lumen-framework/src/Routing/Pipeline.php(32): call_user_func(Object(Closure), Object(Illuminate\Http\Request))
#49 /var/www/Lumen-Doctrine-DDD-Example/vendor/graham-campbell/throttle/src/Http/Middleware/ThrottleMiddleware.php(62): Laravel\Lumen\Routing\Pipeline->Laravel\Lumen\Routing\{closure}(Object(Illuminate\Http\Request))
#50 /var/www/Lumen-Doctrine-DDD-Example/vendor/illuminate/pipeline/Pipeline.php(137): GrahamCampbell\Throttle\Http\Middleware\ThrottleMiddleware->handle(Object(Illuminate\Http\Request), Object(Closure), '3000:5')
#51 [internal function]: Illuminate\Pipeline\Pipeline->Illuminate\Pipeline\{closure}(Object(Illuminate\Http\Request))
#52 /var/www/Lumen-Doctrine-DDD-Example/vendor/laravel/lumen-framework/src/Routing/Pipeline.php(32): call_user_func(Object(Closure), Object(Illuminate\Http\Request))
#53 /var/www/Lumen-Doctrine-DDD-Example/vendor/illuminate/pipeline/Pipeline.php(104): Laravel\Lumen\Routing\Pipeline->Laravel\Lumen\Routing\{closure}(Object(Illuminate\Http\Request))
#54 /var/www/Lumen-Doctrine-DDD-Example/vendor/laravel/lumen-framework/src/Concerns/RoutesRequests.php(780): Illuminate\Pipeline\Pipeline->then(Object(Closure))
#55 /var/www/Lumen-Doctrine-DDD-Example/vendor/laravel/lumen-framework/src/Concerns/RoutesRequests.php(626): Laravel\Lumen\Application->sendThroughPipeline(Array, Object(Closure))
#56 /var/www/Lumen-Doctrine-DDD-Example/vendor/laravel/lumen-framework/src/Concerns/RoutesRequests.php(529): Laravel\Lumen\Application->handleFoundRoute(Array)
#57 [internal function]: Laravel\Lumen\Application->Laravel\Lumen\Concerns\{closure}(Object(Illuminate\Http\Request))
#58 /var/www/Lumen-Doctrine-DDD-Example/vendor/laravel/lumen-framework/src/Routing/Pipeline.php(52): call_user_func(Object(Closure), Object(Illuminate\Http\Request))
#59 /var/www/Lumen-Doctrine-DDD-Example/Application/Lumen53/core/Http/Middleware/CORSMiddleware.php(30): Laravel\Lumen\Routing\Pipeline->Laravel\Lumen\Routing\{closure}(Object(Illuminate\Http\Request))
#60 /var/www/Lumen-Doctrine-DDD-Example/vendor/illuminate/pipeline/Pipeline.php(137): Application\Lumen53\Http\Middleware\CORSMiddleware->handle(Object(Illuminate\Http\Request), Object(Closure))
#61 [internal function]: Illuminate\Pipeline\Pipeline->Illuminate\Pipeline\{closure}(Object(Illuminate\Http\Request))
#62 /var/www/Lumen-Doctrine-DDD-Example/vendor/laravel/lumen-framework/src/Routing/Pipeline.php(32): call_user_func(Object(Closure), Object(Illuminate\Http\Request))
#63 /var/www/Lumen-Doctrine-DDD-Example/vendor/illuminate/pipeline/Pipeline.php(104): Laravel\Lumen\Routing\Pipeline->Laravel\Lumen\Routing\{closure}(Object(Illuminate\Http\Request))
#64 /var/www/Lumen-Doctrine-DDD-Example/vendor/laravel/lumen-framework/src/Concerns/RoutesRequests.php(780): Illuminate\Pipeline\Pipeline->then(Object(Closure))
#65 /var/www/Lumen-Doctrine-DDD-Example/vendor/laravel/lumen-framework/src/Concerns/RoutesRequests.php(535): Laravel\Lumen\Application->sendThroughPipeline(Array, Object(Closure))
#66 /var/www/Lumen-Doctrine-DDD-Example/vendor/laravel/lumen-framework/src/Concerns/RoutesRequests.php(476): Laravel\Lumen\Application->dispatch(Object(Illuminate\Http\Request))
#67 /var/www/Lumen-Doctrine-DDD-Example/Application/Lumen53/public/index.php(28): Laravel\Lumen\Application->run(Object(Illuminate\Http\Request))
#68 {main}  
[2018-04-02 23:35:16] lumen.ERROR: Doctrine\Common\Persistence\Mapping\MappingException: No mapping file found named 'Domain.Entities.Product.dcm.yml' for class 'Domain\Entities\Product'. in /var/www/Lumen-Doctrine-DDD-Example/vendor/doctrine/common/lib/Doctrine/Common/Persistence/Mapping/MappingException.php:75
Stack trace:
#0 /var/www/Lumen-Doctrine-DDD-Example/vendor/doctrine/common/lib/Doctrine/Common/Persistence/Mapping/Driver/DefaultFileLocator.php(120): Doctrine\Common\Persistence\Mapping\MappingException::mappingFileNotFound('Domain\\Entities...', 'Domain.Entities...')
#1 /var/www/Lumen-Doctrine-DDD-Example/vendor/doctrine/common/lib/Doctrine/Common/Persistence/Mapping/Driver/FileDriver.php(115): Doctrine\Common\Persistence\Mapping\Driver\DefaultFileLocator->findMappingFile('Domain\\Entities...')
#2 /var/www/Lumen-Doctrine-DDD-Example/vendor/doctrine/orm/lib/Doctrine/ORM/Mapping/Driver/YamlDriver.php(55): Doctrine\Common\Persistence\Mapping\Driver\FileDriver->getElement('Domain\\Entities...')
#3 /var/www/Lumen-Doctrine-DDD-Example/vendor/doctrine/common/lib/Doctrine/Common/Persistence/Mapping/Driver/MappingDriverChain.php(102): Doctrine\ORM\Mapping\Driver\YamlDriver->loadMetadataForClass('Domain\\Entities...', Object(Doctrine\ORM\Mapping\ClassMetadata))
#4 /var/www/Lumen-Doctrine-DDD-Example/vendor/doctrine/orm/lib/Doctrine/ORM/Mapping/ClassMetadataFactory.php(151): Doctrine\Common\Persistence\Mapping\Driver\MappingDriverChain->loadMetadataForClass('Domain\\Entities...', Object(Doctrine\ORM\Mapping\ClassMetadata))
#5 /var/www/Lumen-Doctrine-DDD-Example/vendor/doctrine/common/lib/Doctrine/Common/Persistence/Mapping/AbstractClassMetadataFactory.php(333): Doctrine\ORM\Mapping\ClassMetadataFactory->doLoadMetadata(Object(Doctrine\ORM\Mapping\ClassMetadata), NULL, false, Array)
#6 /var/www/Lumen-Doctrine-DDD-Example/vendor/doctrine/orm/lib/Doctrine/ORM/Mapping/ClassMetadataFactory.php(78): Doctrine\Common\Persistence\Mapping\AbstractClassMetadataFactory->loadMetadata('Domain\\Entities...')
#7 /var/www/Lumen-Doctrine-DDD-Example/vendor/doctrine/common/lib/Doctrine/Common/Persistence/Mapping/AbstractClassMetadataFactory.php(217): Doctrine\ORM\Mapping\ClassMetadataFactory->loadMetadata('Domain\\Entities...')
#8 /var/www/Lumen-Doctrine-DDD-Example/vendor/doctrine/orm/lib/Doctrine/ORM/EntityManager.php(281): Doctrine\Common\Persistence\Mapping\AbstractClassMetadataFactory->getMetadataFor('Domain\\Entities...')
#9 /var/www/Lumen-Doctrine-DDD-Example/vendor/doctrine/orm/lib/Doctrine/ORM/Query/Parser.php(1710): Doctrine\ORM\EntityManager->getClassMetadata('Domain\\Entities...')
#10 /var/www/Lumen-Doctrine-DDD-Example/vendor/doctrine/orm/lib/Doctrine/ORM/Query/Parser.php(1557): Doctrine\ORM\Query\Parser->RangeVariableDeclaration()
#11 /var/www/Lumen-Doctrine-DDD-Example/vendor/doctrine/orm/lib/Doctrine/ORM/Query/Parser.php(1292): Doctrine\ORM\Query\Parser->IdentificationVariableDeclaration()
#12 /var/www/Lumen-Doctrine-DDD-Example/vendor/doctrine/orm/lib/Doctrine/ORM/Query/Parser.php(874): Doctrine\ORM\Query\Parser->FromClause()
#13 /var/www/Lumen-Doctrine-DDD-Example/vendor/doctrine/orm/lib/Doctrine/ORM/Query/Parser.php(843): Doctrine\ORM\Query\Parser->SelectStatement()
#14 /var/www/Lumen-Doctrine-DDD-Example/vendor/doctrine/orm/lib/Doctrine/ORM/Query/Parser.php(268): Doctrine\ORM\Query\Parser->QueryLanguage()
#15 /var/www/Lumen-Doctrine-DDD-Example/vendor/doctrine/orm/lib/Doctrine/ORM/Query/Parser.php(351): Doctrine\ORM\Query\Parser->getAST()
#16 /var/www/Lumen-Doctrine-DDD-Example/vendor/doctrine/orm/lib/Doctrine/ORM/Tools/Pagination/Paginator.php(263): Doctrine\ORM\Query\Parser->parse()
#17 /var/www/Lumen-Doctrine-DDD-Example/vendor/doctrine/orm/lib/Doctrine/ORM/Tools/Pagination/Paginator.php(123): Doctrine\ORM\Tools\Pagination\Paginator->getCountQuery()
#18 /var/www/Lumen-Doctrine-DDD-Example/Infrastructure/Persistence/Doctrine/Repositories/Paginator.php(48): Doctrine\ORM\Tools\Pagination\Paginator->count()
#19 /var/www/Lumen-Doctrine-DDD-Example/Infrastructure/Persistence/Doctrine/Repositories/AbstractRepository.php(57): Infrastructure\Persistence\Doctrine\Repositories\Paginator->__construct(Object(Doctrine\ORM\Query), 1)
#20 /var/www/Lumen-Doctrine-DDD-Example/Infrastructure/Persistence/Doctrine/Repositories/ProductRepository.php(33): Infrastructure\Persistence\Doctrine\Repositories\AbstractRepository->getPaginatedData(Object(Doctrine\ORM\Query), Array)
#21 /var/www/Lumen-Doctrine-DDD-Example/Domain/Abstractions/AbstractDomainService.php(35): Infrastructure\Persistence\Doctrine\Repositories\ProductRepository->findAllFiltered(Array)
#22 /var/www/Lumen-Doctrine-DDD-Example/Application/Services/ProductService.php(18): Domain\Abstractions\AbstractDomainService->findAllFiltered(Array)
#23 /var/www/Lumen-Doctrine-DDD-Example/Application/Lumen53/core/Http/Controllers/Controller.php(36): Application\Services\ProductService->findAll(Array)
#24 [internal function]: Application\Lumen53\Http\Controllers\Controller->index(Object(Illuminate\Http\Request))
#25 /var/www/Lumen-Doctrine-DDD-Example/vendor/illuminate/container/Container.php(508): call_user_func_array(Array, Array)
#26 /var/www/Lumen-Doctrine-DDD-Example/vendor/laravel/lumen-framework/src/Concerns/RoutesRequests.php(743): Illuminate\Container\Container->call(Array, Array)
#27 /var/www/Lumen-Doctrine-DDD-Example/vendor/laravel/lumen-framework/src/Concerns/RoutesRequests.php(709): Laravel\Lumen\Application->callControllerCallable(Array, Array)
#28 /var/www/Lumen-Doctrine-DDD-Example/vendor/laravel/lumen-framework/src/Concerns/RoutesRequests.php(683): Laravel\Lumen\Application->callLumenController(Object(Application\Lumen53\Http\Controllers\ProductController), 'index', Array)
#29 /var/www/Lumen-Doctrine-DDD-Example/vendor/laravel/lumen-framework/src/Concerns/RoutesRequests.php(645): Laravel\Lumen\Application->callControllerAction(Array)
#30 /var/www/Lumen-Doctrine-DDD-Example/vendor/laravel/lumen-framework/src/Concerns/RoutesRequests.php(625): Laravel\Lumen\Application->callActionOnArrayBasedRoute(Array)
#31 [internal function]: Laravel\Lumen\Application->Laravel\Lumen\Concerns\{closure}(Object(Illuminate\Http\Request))
#32 /var/www/Lumen-Doctrine-DDD-Example/vendor/laravel/lumen-framework/src/Routing/Pipeline.php(52): call_user_func(Object(Closure), Object(Illuminate\Http\Request))
#33 /var/www/Lumen-Doctrine-DDD-Example/Application/Lumen53/core/Http/Middleware/CORSMiddleware.php(30): Laravel\Lumen\Routing\Pipeline->Laravel\Lumen\Routing\{closure}(Object(Illuminate\Http\Request))
#34 /var/www/Lumen-Doctrine-DDD-Example/vendor/illuminate/pipeline/Pipeline.php(137): Application\Lumen53\Http\Middleware\CORSMiddleware->handle(Object(Illuminate\Http\Request), Object(Closure))
#35 [internal function]: Illuminate\Pipeline\Pipeline->Illuminate\Pipeline\{closure}(Object(Illuminate\Http\Request))
#36 /var/www/Lumen-Doctrine-DDD-Example/vendor/laravel/lumen-framework/src/Routing/Pipeline.php(32): call_user_func(Object(Closure), Object(Illuminate\Http\Request))
#37 /var/www/Lumen-Doctrine-DDD-Example/vendor/graham-campbell/throttle/src/Http/Middleware/ThrottleMiddleware.php(62): Laravel\Lumen\Routing\Pipeline->Laravel\Lumen\Routing\{closure}(Object(Illuminate\Http\Request))
#38 /var/www/Lumen-Doctrine-DDD-Example/vendor/illuminate/pipeline/Pipeline.php(137): GrahamCampbell\Throttle\Http\Middleware\ThrottleMiddleware->handle(Object(Illuminate\Http\Request), Object(Closure), '30:5')
#39 [internal function]: Illuminate\Pipeline\Pipeline->Illuminate\Pipeline\{closure}(Object(Illuminate\Http\Request))
#40 /var/www/Lumen-Doctrine-DDD-Example/vendor/laravel/lumen-framework/src/Routing/Pipeline.php(32): call_user_func(Object(Closure), Object(Illuminate\Http\Request))
#41 /var/www/Lumen-Doctrine-DDD-Example/Application/Lumen53/core/Http/Middleware/JWTMiddleware.php(30): Laravel\Lumen\Routing\Pipeline->Laravel\Lumen\Routing\{closure}(Object(Illuminate\Http\Request))
#42 /var/www/Lumen-Doctrine-DDD-Example/vendor/illuminate/pipeline/Pipeline.php(137): Application\Lumen53\Http\Middleware\JWTMiddleware->handle(Object(Illuminate\Http\Request), Object(Closure))
#43 [internal function]: Illuminate\Pipeline\Pipeline->Illuminate\Pipeline\{closure}(Object(Illuminate\Http\Request))
#44 /var/www/Lumen-Doctrine-DDD-Example/vendor/laravel/lumen-framework/src/Routing/Pipeline.php(32): call_user_func(Object(Closure), Object(Illuminate\Http\Request))
#45 /var/www/Lumen-Doctrine-DDD-Example/Application/Lumen53/core/Http/Middleware/CORSMiddleware.php(30): Laravel\Lumen\Routing\Pipeline->Laravel\Lumen\Routing\{closure}(Object(Illuminate\Http\Request))
#46 /var/www/Lumen-Doctrine-DDD-Example/vendor/illuminate/pipeline/Pipeline.php(137): Application\Lumen53\Http\Middleware\CORSMiddleware->handle(Object(Illuminate\Http\Request), Object(Closure))
#47 [internal function]: Illuminate\Pipeline\Pipeline->Illuminate\Pipeline\{closure}(Object(Illuminate\Http\Request))
#48 /var/www/Lumen-Doctrine-DDD-Example/vendor/laravel/lumen-framework/src/Routing/Pipeline.php(32): call_user_func(Object(Closure), Object(Illuminate\Http\Request))
#49 /var/www/Lumen-Doctrine-DDD-Example/vendor/graham-campbell/throttle/src/Http/Middleware/ThrottleMiddleware.php(62): Laravel\Lumen\Routing\Pipeline->Laravel\Lumen\Routing\{closure}(Object(Illuminate\Http\Request))
#50 /var/www/Lumen-Doctrine-DDD-Example/vendor/illuminate/pipeline/Pipeline.php(137): GrahamCampbell\Throttle\Http\Middleware\ThrottleMiddleware->handle(Object(Illuminate\Http\Request), Object(Closure), '3000:5')
#51 [internal function]: Illuminate\Pipeline\Pipeline->Illuminate\Pipeline\{closure}(Object(Illuminate\Http\Request))
#52 /var/www/Lumen-Doctrine-DDD-Example/vendor/laravel/lumen-framework/src/Routing/Pipeline.php(32): call_user_func(Object(Closure), Object(Illuminate\Http\Request))
#53 /var/www/Lumen-Doctrine-DDD-Example/vendor/illuminate/pipeline/Pipeline.php(104): Laravel\Lumen\Routing\Pipeline->Laravel\Lumen\Routing\{closure}(Object(Illuminate\Http\Request))
#54 /var/www/Lumen-Doctrine-DDD-Example/vendor/laravel/lumen-framework/src/Concerns/RoutesRequests.php(780): Illuminate\Pipeline\Pipeline->then(Object(Closure))
#55 /var/www/Lumen-Doctrine-DDD-Example/vendor/laravel/lumen-framework/src/Concerns/RoutesRequests.php(626): Laravel\Lumen\Application->sendThroughPipeline(Array, Object(Closure))
#56 /var/www/Lumen-Doctrine-DDD-Example/vendor/laravel/lumen-framework/src/Concerns/RoutesRequests.php(529): Laravel\Lumen\Application->handleFoundRoute(Array)
#57 [internal function]: Laravel\Lumen\Application->Laravel\Lumen\Concerns\{closure}(Object(Illuminate\Http\Request))
#58 /var/www/Lumen-Doctrine-DDD-Example/vendor/laravel/lumen-framework/src/Routing/Pipeline.php(52): call_user_func(Object(Closure), Object(Illuminate\Http\Request))
#59 /var/www/Lumen-Doctrine-DDD-Example/Application/Lumen53/core/Http/Middleware/CORSMiddleware.php(30): Laravel\Lumen\Routing\Pipeline->Laravel\Lumen\Routing\{closure}(Object(Illuminate\Http\Request))
#60 /var/www/Lumen-Doctrine-DDD-Example/vendor/illuminate/pipeline/Pipeline.php(137): Application\Lumen53\Http\Middleware\CORSMiddleware->handle(Object(Illuminate\Http\Request), Object(Closure))
#61 [internal function]: Illuminate\Pipeline\Pipeline->Illuminate\Pipeline\{closure}(Object(Illuminate\Http\Request))
#62 /var/www/Lumen-Doctrine-DDD-Example/vendor/laravel/lumen-framework/src/Routing/Pipeline.php(32): call_user_func(Object(Closure), Object(Illuminate\Http\Request))
#63 /var/www/Lumen-Doctrine-DDD-Example/vendor/illuminate/pipeline/Pipeline.php(104): Laravel\Lumen\Routing\Pipeline->Laravel\Lumen\Routing\{closure}(Object(Illuminate\Http\Request))
#64 /var/www/Lumen-Doctrine-DDD-Example/vendor/laravel/lumen-framework/src/Concerns/RoutesRequests.php(780): Illuminate\Pipeline\Pipeline->then(Object(Closure))
#65 /var/www/Lumen-Doctrine-DDD-Example/vendor/laravel/lumen-framework/src/Concerns/RoutesRequests.php(535): Laravel\Lumen\Application->sendThroughPipeline(Array, Object(Closure))
#66 /var/www/Lumen-Doctrine-DDD-Example/vendor/laravel/lumen-framework/src/Concerns/RoutesRequests.php(476): Laravel\Lumen\Application->dispatch(Object(Illuminate\Http\Request))
#67 /var/www/Lumen-Doctrine-DDD-Example/Application/Lumen53/public/index.php(28): Laravel\Lumen\Application->run(Object(Illuminate\Http\Request))
#68 {main}  
[2018-04-02 23:35:27] lumen.ERROR: Doctrine\Common\Persistence\Mapping\MappingException: No mapping file found named 'Domain.Entities.Product.dcm.yml' for class 'Domain\Entities\Product'. in /var/www/Lumen-Doctrine-DDD-Example/vendor/doctrine/common/lib/Doctrine/Common/Persistence/Mapping/MappingException.php:75
Stack trace:
#0 /var/www/Lumen-Doctrine-DDD-Example/vendor/doctrine/common/lib/Doctrine/Common/Persistence/Mapping/Driver/DefaultFileLocator.php(120): Doctrine\Common\Persistence\Mapping\MappingException::mappingFileNotFound('Domain\\Entities...', 'Domain.Entities...')
#1 /var/www/Lumen-Doctrine-DDD-Example/vendor/doctrine/common/lib/Doctrine/Common/Persistence/Mapping/Driver/FileDriver.php(115): Doctrine\Common\Persistence\Mapping\Driver\DefaultFileLocator->findMappingFile('Domain\\Entities...')
#2 /var/www/Lumen-Doctrine-DDD-Example/vendor/doctrine/orm/lib/Doctrine/ORM/Mapping/Driver/YamlDriver.php(55): Doctrine\Common\Persistence\Mapping\Driver\FileDriver->getElement('Domain\\Entities...')
#3 /var/www/Lumen-Doctrine-DDD-Example/vendor/doctrine/common/lib/Doctrine/Common/Persistence/Mapping/Driver/MappingDriverChain.php(102): Doctrine\ORM\Mapping\Driver\YamlDriver->loadMetadataForClass('Domain\\Entities...', Object(Doctrine\ORM\Mapping\ClassMetadata))
#4 /var/www/Lumen-Doctrine-DDD-Example/vendor/doctrine/orm/lib/Doctrine/ORM/Mapping/ClassMetadataFactory.php(151): Doctrine\Common\Persistence\Mapping\Driver\MappingDriverChain->loadMetadataForClass('Domain\\Entities...', Object(Doctrine\ORM\Mapping\ClassMetadata))
#5 /var/www/Lumen-Doctrine-DDD-Example/vendor/doctrine/common/lib/Doctrine/Common/Persistence/Mapping/AbstractClassMetadataFactory.php(333): Doctrine\ORM\Mapping\ClassMetadataFactory->doLoadMetadata(Object(Doctrine\ORM\Mapping\ClassMetadata), NULL, false, Array)
#6 /var/www/Lumen-Doctrine-DDD-Example/vendor/doctrine/orm/lib/Doctrine/ORM/Mapping/ClassMetadataFactory.php(78): Doctrine\Common\Persistence\Mapping\AbstractClassMetadataFactory->loadMetadata('Domain\\Entities...')
#7 /var/www/Lumen-Doctrine-DDD-Example/vendor/doctrine/common/lib/Doctrine/Common/Persistence/Mapping/AbstractClassMetadataFactory.php(217): Doctrine\ORM\Mapping\ClassMetadataFactory->loadMetadata('Domain\\Entities...')
#8 /var/www/Lumen-Doctrine-DDD-Example/vendor/doctrine/orm/lib/Doctrine/ORM/EntityManager.php(281): Doctrine\Common\Persistence\Mapping\AbstractClassMetadataFactory->getMetadataFor('Domain\\Entities...')
#9 /var/www/Lumen-Doctrine-DDD-Example/vendor/doctrine/orm/lib/Doctrine/ORM/Query/Parser.php(1710): Doctrine\ORM\EntityManager->getClassMetadata('Domain\\Entities...')
#10 /var/www/Lumen-Doctrine-DDD-Example/vendor/doctrine/orm/lib/Doctrine/ORM/Query/Parser.php(1557): Doctrine\ORM\Query\Parser->RangeVariableDeclaration()
#11 /var/www/Lumen-Doctrine-DDD-Example/vendor/doctrine/orm/lib/Doctrine/ORM/Query/Parser.php(1292): Doctrine\ORM\Query\Parser->IdentificationVariableDeclaration()
#12 /var/www/Lumen-Doctrine-DDD-Example/vendor/doctrine/orm/lib/Doctrine/ORM/Query/Parser.php(874): Doctrine\ORM\Query\Parser->FromClause()
#13 /var/www/Lumen-Doctrine-DDD-Example/vendor/doctrine/orm/lib/Doctrine/ORM/Query/Parser.php(843): Doctrine\ORM\Query\Parser->SelectStatement()
#14 /var/www/Lumen-Doctrine-DDD-Example/vendor/doctrine/orm/lib/Doctrine/ORM/Query/Parser.php(268): Doctrine\ORM\Query\Parser->QueryLanguage()
#15 /var/www/Lumen-Doctrine-DDD-Example/vendor/doctrine/orm/lib/Doctrine/ORM/Query/Parser.php(351): Doctrine\ORM\Query\Parser->getAST()
#16 /var/www/Lumen-Doctrine-DDD-Example/vendor/doctrine/orm/lib/Doctrine/ORM/Tools/Pagination/Paginator.php(263): Doctrine\ORM\Query\Parser->parse()
#17 /var/www/Lumen-Doctrine-DDD-Example/vendor/doctrine/orm/lib/Doctrine/ORM/Tools/Pagination/Paginator.php(123): Doctrine\ORM\Tools\Pagination\Paginator->getCountQuery()
#18 /var/www/Lumen-Doctrine-DDD-Example/Infrastructure/Persistence/Doctrine/Repositories/Paginator.php(48): Doctrine\ORM\Tools\Pagination\Paginator->count()
#19 /var/www/Lumen-Doctrine-DDD-Example/Infrastructure/Persistence/Doctrine/Repositories/AbstractRepository.php(57): Infrastructure\Persistence\Doctrine\Repositories\Paginator->__construct(Object(Doctrine\ORM\Query), 1)
#20 /var/www/Lumen-Doctrine-DDD-Example/Infrastructure/Persistence/Doctrine/Repositories/ProductRepository.php(33): Infrastructure\Persistence\Doctrine\Repositories\AbstractRepository->getPaginatedData(Object(Doctrine\ORM\Query), Array)
#21 /var/www/Lumen-Doctrine-DDD-Example/Domain/Abstractions/AbstractDomainService.php(35): Infrastructure\Persistence\Doctrine\Repositories\ProductRepository->findAllFiltered(Array)
#22 /var/www/Lumen-Doctrine-DDD-Example/Application/Services/ProductService.php(18): Domain\Abstractions\AbstractDomainService->findAllFiltered(Array)
#23 /var/www/Lumen-Doctrine-DDD-Example/Application/Lumen53/core/Http/Controllers/Controller.php(36): Application\Services\ProductService->findAll(Array)
#24 [internal function]: Application\Lumen53\Http\Controllers\Controller->index(Object(Illuminate\Http\Request))
#25 /var/www/Lumen-Doctrine-DDD-Example/vendor/illuminate/container/Container.php(508): call_user_func_array(Array, Array)
#26 /var/www/Lumen-Doctrine-DDD-Example/vendor/laravel/lumen-framework/src/Concerns/RoutesRequests.php(743): Illuminate\Container\Container->call(Array, Array)
#27 /var/www/Lumen-Doctrine-DDD-Example/vendor/laravel/lumen-framework/src/Concerns/RoutesRequests.php(709): Laravel\Lumen\Application->callControllerCallable(Array, Array)
#28 /var/www/Lumen-Doctrine-DDD-Example/vendor/laravel/lumen-framework/src/Concerns/RoutesRequests.php(683): Laravel\Lumen\Application->callLumenController(Object(Application\Lumen53\Http\Controllers\ProductController), 'index', Array)
#29 /var/www/Lumen-Doctrine-DDD-Example/vendor/laravel/lumen-framework/src/Concerns/RoutesRequests.php(645): Laravel\Lumen\Application->callControllerAction(Array)
#30 /var/www/Lumen-Doctrine-DDD-Example/vendor/laravel/lumen-framework/src/Concerns/RoutesRequests.php(625): Laravel\Lumen\Application->callActionOnArrayBasedRoute(Array)
#31 [internal function]: Laravel\Lumen\Application->Laravel\Lumen\Concerns\{closure}(Object(Illuminate\Http\Request))
#32 /var/www/Lumen-Doctrine-DDD-Example/vendor/laravel/lumen-framework/src/Routing/Pipeline.php(52): call_user_func(Object(Closure), Object(Illuminate\Http\Request))
#33 /var/www/Lumen-Doctrine-DDD-Example/Application/Lumen53/core/Http/Middleware/CORSMiddleware.php(30): Laravel\Lumen\Routing\Pipeline->Laravel\Lumen\Routing\{closure}(Object(Illuminate\Http\Request))
#34 /var/www/Lumen-Doctrine-DDD-Example/vendor/illuminate/pipeline/Pipeline.php(137): Application\Lumen53\Http\Middleware\CORSMiddleware->handle(Object(Illuminate\Http\Request), Object(Closure))
#35 [internal function]: Illuminate\Pipeline\Pipeline->Illuminate\Pipeline\{closure}(Object(Illuminate\Http\Request))
#36 /var/www/Lumen-Doctrine-DDD-Example/vendor/laravel/lumen-framework/src/Routing/Pipeline.php(32): call_user_func(Object(Closure), Object(Illuminate\Http\Request))
#37 /var/www/Lumen-Doctrine-DDD-Example/vendor/graham-campbell/throttle/src/Http/Middleware/ThrottleMiddleware.php(62): Laravel\Lumen\Routing\Pipeline->Laravel\Lumen\Routing\{closure}(Object(Illuminate\Http\Request))
#38 /var/www/Lumen-Doctrine-DDD-Example/vendor/illuminate/pipeline/Pipeline.php(137): GrahamCampbell\Throttle\Http\Middleware\ThrottleMiddleware->handle(Object(Illuminate\Http\Request), Object(Closure), '30:5')
#39 [internal function]: Illuminate\Pipeline\Pipeline->Illuminate\Pipeline\{closure}(Object(Illuminate\Http\Request))
#40 /var/www/Lumen-Doctrine-DDD-Example/vendor/laravel/lumen-framework/src/Routing/Pipeline.php(32): call_user_func(Object(Closure), Object(Illuminate\Http\Request))
#41 /var/www/Lumen-Doctrine-DDD-Example/Application/Lumen53/core/Http/Middleware/JWTMiddleware.php(30): Laravel\Lumen\Routing\Pipeline->Laravel\Lumen\Routing\{closure}(Object(Illuminate\Http\Request))
#42 /var/www/Lumen-Doctrine-DDD-Example/vendor/illuminate/pipeline/Pipeline.php(137): Application\Lumen53\Http\Middleware\JWTMiddleware->handle(Object(Illuminate\Http\Request), Object(Closure))
#43 [internal function]: Illuminate\Pipeline\Pipeline->Illuminate\Pipeline\{closure}(Object(Illuminate\Http\Request))
#44 /var/www/Lumen-Doctrine-DDD-Example/vendor/laravel/lumen-framework/src/Routing/Pipeline.php(32): call_user_func(Object(Closure), Object(Illuminate\Http\Request))
#45 /var/www/Lumen-Doctrine-DDD-Example/Application/Lumen53/core/Http/Middleware/CORSMiddleware.php(30): Laravel\Lumen\Routing\Pipeline->Laravel\Lumen\Routing\{closure}(Object(Illuminate\Http\Request))
#46 /var/www/Lumen-Doctrine-DDD-Example/vendor/illuminate/pipeline/Pipeline.php(137): Application\Lumen53\Http\Middleware\CORSMiddleware->handle(Object(Illuminate\Http\Request), Object(Closure))
#47 [internal function]: Illuminate\Pipeline\Pipeline->Illuminate\Pipeline\{closure}(Object(Illuminate\Http\Request))
#48 /var/www/Lumen-Doctrine-DDD-Example/vendor/laravel/lumen-framework/src/Routing/Pipeline.php(32): call_user_func(Object(Closure), Object(Illuminate\Http\Request))
#49 /var/www/Lumen-Doctrine-DDD-Example/vendor/graham-campbell/throttle/src/Http/Middleware/ThrottleMiddleware.php(62): Laravel\Lumen\Routing\Pipeline->Laravel\Lumen\Routing\{closure}(Object(Illuminate\Http\Request))
#50 /var/www/Lumen-Doctrine-DDD-Example/vendor/illuminate/pipeline/Pipeline.php(137): GrahamCampbell\Throttle\Http\Middleware\ThrottleMiddleware->handle(Object(Illuminate\Http\Request), Object(Closure), '3000:5')
#51 [internal function]: Illuminate\Pipeline\Pipeline->Illuminate\Pipeline\{closure}(Object(Illuminate\Http\Request))
#52 /var/www/Lumen-Doctrine-DDD-Example/vendor/laravel/lumen-framework/src/Routing/Pipeline.php(32): call_user_func(Object(Closure), Object(Illuminate\Http\Request))
#53 /var/www/Lumen-Doctrine-DDD-Example/vendor/illuminate/pipeline/Pipeline.php(104): Laravel\Lumen\Routing\Pipeline->Laravel\Lumen\Routing\{closure}(Object(Illuminate\Http\Request))
#54 /var/www/Lumen-Doctrine-DDD-Example/vendor/laravel/lumen-framework/src/Concerns/RoutesRequests.php(780): Illuminate\Pipeline\Pipeline->then(Object(Closure))
#55 /var/www/Lumen-Doctrine-DDD-Example/vendor/laravel/lumen-framework/src/Concerns/RoutesRequests.php(626): Laravel\Lumen\Application->sendThroughPipeline(Array, Object(Closure))
#56 /var/www/Lumen-Doctrine-DDD-Example/vendor/laravel/lumen-framework/src/Concerns/RoutesRequests.php(529): Laravel\Lumen\Application->handleFoundRoute(Array)
#57 [internal function]: Laravel\Lumen\Application->Laravel\Lumen\Concerns\{closure}(Object(Illuminate\Http\Request))
#58 /var/www/Lumen-Doctrine-DDD-Example/vendor/laravel/lumen-framework/src/Routing/Pipeline.php(52): call_user_func(Object(Closure), Object(Illuminate\Http\Request))
#59 /var/www/Lumen-Doctrine-DDD-Example/Application/Lumen53/core/Http/Middleware/CORSMiddleware.php(30): Laravel\Lumen\Routing\Pipeline->Laravel\Lumen\Routing\{closure}(Object(Illuminate\Http\Request))
#60 /var/www/Lumen-Doctrine-DDD-Example/vendor/illuminate/pipeline/Pipeline.php(137): Application\Lumen53\Http\Middleware\CORSMiddleware->handle(Object(Illuminate\Http\Request), Object(Closure))
#61 [internal function]: Illuminate\Pipeline\Pipeline->Illuminate\Pipeline\{closure}(Object(Illuminate\Http\Request))
#62 /var/www/Lumen-Doctrine-DDD-Example/vendor/laravel/lumen-framework/src/Routing/Pipeline.php(32): call_user_func(Object(Closure), Object(Illuminate\Http\Request))
#63 /var/www/Lumen-Doctrine-DDD-Example/vendor/illuminate/pipeline/Pipeline.php(104): Laravel\Lumen\Routing\Pipeline->Laravel\Lumen\Routing\{closure}(Object(Illuminate\Http\Request))
#64 /var/www/Lumen-Doctrine-DDD-Example/vendor/laravel/lumen-framework/src/Concerns/RoutesRequests.php(780): Illuminate\Pipeline\Pipeline->then(Object(Closure))
#65 /var/www/Lumen-Doctrine-DDD-Example/vendor/laravel/lumen-framework/src/Concerns/RoutesRequests.php(535): Laravel\Lumen\Application->sendThroughPipeline(Array, Object(Closure))
#66 /var/www/Lumen-Doctrine-DDD-Example/vendor/laravel/lumen-framework/src/Concerns/RoutesRequests.php(476): Laravel\Lumen\Application->dispatch(Object(Illuminate\Http\Request))
#67 /var/www/Lumen-Doctrine-DDD-Example/Application/Lumen53/public/index.php(28): Laravel\Lumen\Application->run(Object(Illuminate\Http\Request))
#68 {main}  
[2018-04-02 23:35:49] lumen.ERROR: Doctrine\Common\Persistence\Mapping\MappingException: No mapping file found named 'Domain.Entities.Product.dcm.yml' for class 'Domain\Entities\Product'. in /var/www/Lumen-Doctrine-DDD-Example/vendor/doctrine/common/lib/Doctrine/Common/Persistence/Mapping/MappingException.php:75
Stack trace:
#0 /var/www/Lumen-Doctrine-DDD-Example/vendor/doctrine/common/lib/Doctrine/Common/Persistence/Mapping/Driver/DefaultFileLocator.php(120): Doctrine\Common\Persistence\Mapping\MappingException::mappingFileNotFound('Domain\\Entities...', 'Domain.Entities...')
#1 /var/www/Lumen-Doctrine-DDD-Example/vendor/doctrine/common/lib/Doctrine/Common/Persistence/Mapping/Driver/FileDriver.php(115): Doctrine\Common\Persistence\Mapping\Driver\DefaultFileLocator->findMappingFile('Domain\\Entities...')
#2 /var/www/Lumen-Doctrine-DDD-Example/vendor/doctrine/orm/lib/Doctrine/ORM/Mapping/Driver/YamlDriver.php(55): Doctrine\Common\Persistence\Mapping\Driver\FileDriver->getElement('Domain\\Entities...')
#3 /var/www/Lumen-Doctrine-DDD-Example/vendor/doctrine/common/lib/Doctrine/Common/Persistence/Mapping/Driver/MappingDriverChain.php(102): Doctrine\ORM\Mapping\Driver\YamlDriver->loadMetadataForClass('Domain\\Entities...', Object(Doctrine\ORM\Mapping\ClassMetadata))
#4 /var/www/Lumen-Doctrine-DDD-Example/vendor/doctrine/orm/lib/Doctrine/ORM/Mapping/ClassMetadataFactory.php(151): Doctrine\Common\Persistence\Mapping\Driver\MappingDriverChain->loadMetadataForClass('Domain\\Entities...', Object(Doctrine\ORM\Mapping\ClassMetadata))
#5 /var/www/Lumen-Doctrine-DDD-Example/vendor/doctrine/common/lib/Doctrine/Common/Persistence/Mapping/AbstractClassMetadataFactory.php(333): Doctrine\ORM\Mapping\ClassMetadataFactory->doLoadMetadata(Object(Doctrine\ORM\Mapping\ClassMetadata), NULL, false, Array)
#6 /var/www/Lumen-Doctrine-DDD-Example/vendor/doctrine/orm/lib/Doctrine/ORM/Mapping/ClassMetadataFactory.php(78): Doctrine\Common\Persistence\Mapping\AbstractClassMetadataFactory->loadMetadata('Domain\\Entities...')
#7 /var/www/Lumen-Doctrine-DDD-Example/vendor/doctrine/common/lib/Doctrine/Common/Persistence/Mapping/AbstractClassMetadataFactory.php(217): Doctrine\ORM\Mapping\ClassMetadataFactory->loadMetadata('Domain\\Entities...')
#8 /var/www/Lumen-Doctrine-DDD-Example/vendor/doctrine/orm/lib/Doctrine/ORM/EntityManager.php(281): Doctrine\Common\Persistence\Mapping\AbstractClassMetadataFactory->getMetadataFor('Domain\\Entities...')
#9 /var/www/Lumen-Doctrine-DDD-Example/vendor/doctrine/orm/lib/Doctrine/ORM/Query/Parser.php(1710): Doctrine\ORM\EntityManager->getClassMetadata('Domain\\Entities...')
#10 /var/www/Lumen-Doctrine-DDD-Example/vendor/doctrine/orm/lib/Doctrine/ORM/Query/Parser.php(1557): Doctrine\ORM\Query\Parser->RangeVariableDeclaration()
#11 /var/www/Lumen-Doctrine-DDD-Example/vendor/doctrine/orm/lib/Doctrine/ORM/Query/Parser.php(1292): Doctrine\ORM\Query\Parser->IdentificationVariableDeclaration()
#12 /var/www/Lumen-Doctrine-DDD-Example/vendor/doctrine/orm/lib/Doctrine/ORM/Query/Parser.php(874): Doctrine\ORM\Query\Parser->FromClause()
#13 /var/www/Lumen-Doctrine-DDD-Example/vendor/doctrine/orm/lib/Doctrine/ORM/Query/Parser.php(843): Doctrine\ORM\Query\Parser->SelectStatement()
#14 /var/www/Lumen-Doctrine-DDD-Example/vendor/doctrine/orm/lib/Doctrine/ORM/Query/Parser.php(268): Doctrine\ORM\Query\Parser->QueryLanguage()
#15 /var/www/Lumen-Doctrine-DDD-Example/vendor/doctrine/orm/lib/Doctrine/ORM/Query/Parser.php(351): Doctrine\ORM\Query\Parser->getAST()
#16 /var/www/Lumen-Doctrine-DDD-Example/vendor/doctrine/orm/lib/Doctrine/ORM/Tools/Pagination/Paginator.php(263): Doctrine\ORM\Query\Parser->parse()
#17 /var/www/Lumen-Doctrine-DDD-Example/vendor/doctrine/orm/lib/Doctrine/ORM/Tools/Pagination/Paginator.php(123): Doctrine\ORM\Tools\Pagination\Paginator->getCountQuery()
#18 /var/www/Lumen-Doctrine-DDD-Example/Infrastructure/Persistence/Doctrine/Repositories/Paginator.php(48): Doctrine\ORM\Tools\Pagination\Paginator->count()
#19 /var/www/Lumen-Doctrine-DDD-Example/Infrastructure/Persistence/Doctrine/Repositories/AbstractRepository.php(57): Infrastructure\Persistence\Doctrine\Repositories\Paginator->__construct(Object(Doctrine\ORM\Query), 1)
#20 /var/www/Lumen-Doctrine-DDD-Example/Infrastructure/Persistence/Doctrine/Repositories/ProductRepository.php(33): Infrastructure\Persistence\Doctrine\Repositories\AbstractRepository->getPaginatedData(Object(Doctrine\ORM\Query), Array)
#21 /var/www/Lumen-Doctrine-DDD-Example/Domain/Abstractions/AbstractDomainService.php(35): Infrastructure\Persistence\Doctrine\Repositories\ProductRepository->findAllFiltered(Array)
#22 /var/www/Lumen-Doctrine-DDD-Example/Application/Services/ProductService.php(18): Domain\Abstractions\AbstractDomainService->findAllFiltered(Array)
#23 /var/www/Lumen-Doctrine-DDD-Example/Application/Lumen53/core/Http/Controllers/Controller.php(36): Application\Services\ProductService->findAll(Array)
#24 [internal function]: Application\Lumen53\Http\Controllers\Controller->index(Object(Illuminate\Http\Request))
#25 /var/www/Lumen-Doctrine-DDD-Example/vendor/illuminate/container/Container.php(508): call_user_func_array(Array, Array)
#26 /var/www/Lumen-Doctrine-DDD-Example/vendor/laravel/lumen-framework/src/Concerns/RoutesRequests.php(743): Illuminate\Container\Container->call(Array, Array)
#27 /var/www/Lumen-Doctrine-DDD-Example/vendor/laravel/lumen-framework/src/Concerns/RoutesRequests.php(709): Laravel\Lumen\Application->callControllerCallable(Array, Array)
#28 /var/www/Lumen-Doctrine-DDD-Example/vendor/laravel/lumen-framework/src/Concerns/RoutesRequests.php(683): Laravel\Lumen\Application->callLumenController(Object(Application\Lumen53\Http\Controllers\ProductController), 'index', Array)
#29 /var/www/Lumen-Doctrine-DDD-Example/vendor/laravel/lumen-framework/src/Concerns/RoutesRequests.php(645): Laravel\Lumen\Application->callControllerAction(Array)
#30 /var/www/Lumen-Doctrine-DDD-Example/vendor/laravel/lumen-framework/src/Concerns/RoutesRequests.php(625): Laravel\Lumen\Application->callActionOnArrayBasedRoute(Array)
#31 [internal function]: Laravel\Lumen\Application->Laravel\Lumen\Concerns\{closure}(Object(Illuminate\Http\Request))
#32 /var/www/Lumen-Doctrine-DDD-Example/vendor/laravel/lumen-framework/src/Routing/Pipeline.php(52): call_user_func(Object(Closure), Object(Illuminate\Http\Request))
#33 /var/www/Lumen-Doctrine-DDD-Example/Application/Lumen53/core/Http/Middleware/CORSMiddleware.php(30): Laravel\Lumen\Routing\Pipeline->Laravel\Lumen\Routing\{closure}(Object(Illuminate\Http\Request))
#34 /var/www/Lumen-Doctrine-DDD-Example/vendor/illuminate/pipeline/Pipeline.php(137): Application\Lumen53\Http\Middleware\CORSMiddleware->handle(Object(Illuminate\Http\Request), Object(Closure))
#35 [internal function]: Illuminate\Pipeline\Pipeline->Illuminate\Pipeline\{closure}(Object(Illuminate\Http\Request))
#36 /var/www/Lumen-Doctrine-DDD-Example/vendor/laravel/lumen-framework/src/Routing/Pipeline.php(32): call_user_func(Object(Closure), Object(Illuminate\Http\Request))
#37 /var/www/Lumen-Doctrine-DDD-Example/vendor/graham-campbell/throttle/src/Http/Middleware/ThrottleMiddleware.php(62): Laravel\Lumen\Routing\Pipeline->Laravel\Lumen\Routing\{closure}(Object(Illuminate\Http\Request))
#38 /var/www/Lumen-Doctrine-DDD-Example/vendor/illuminate/pipeline/Pipeline.php(137): GrahamCampbell\Throttle\Http\Middleware\ThrottleMiddleware->handle(Object(Illuminate\Http\Request), Object(Closure), '30:5')
#39 [internal function]: Illuminate\Pipeline\Pipeline->Illuminate\Pipeline\{closure}(Object(Illuminate\Http\Request))
#40 /var/www/Lumen-Doctrine-DDD-Example/vendor/laravel/lumen-framework/src/Routing/Pipeline.php(32): call_user_func(Object(Closure), Object(Illuminate\Http\Request))
#41 /var/www/Lumen-Doctrine-DDD-Example/Application/Lumen53/core/Http/Middleware/JWTMiddleware.php(30): Laravel\Lumen\Routing\Pipeline->Laravel\Lumen\Routing\{closure}(Object(Illuminate\Http\Request))
#42 /var/www/Lumen-Doctrine-DDD-Example/vendor/illuminate/pipeline/Pipeline.php(137): Application\Lumen53\Http\Middleware\JWTMiddleware->handle(Object(Illuminate\Http\Request), Object(Closure))
#43 [internal function]: Illuminate\Pipeline\Pipeline->Illuminate\Pipeline\{closure}(Object(Illuminate\Http\Request))
#44 /var/www/Lumen-Doctrine-DDD-Example/vendor/laravel/lumen-framework/src/Routing/Pipeline.php(32): call_user_func(Object(Closure), Object(Illuminate\Http\Request))
#45 /var/www/Lumen-Doctrine-DDD-Example/Application/Lumen53/core/Http/Middleware/CORSMiddleware.php(30): Laravel\Lumen\Routing\Pipeline->Laravel\Lumen\Routing\{closure}(Object(Illuminate\Http\Request))
#46 /var/www/Lumen-Doctrine-DDD-Example/vendor/illuminate/pipeline/Pipeline.php(137): Application\Lumen53\Http\Middleware\CORSMiddleware->handle(Object(Illuminate\Http\Request), Object(Closure))
#47 [internal function]: Illuminate\Pipeline\Pipeline->Illuminate\Pipeline\{closure}(Object(Illuminate\Http\Request))
#48 /var/www/Lumen-Doctrine-DDD-Example/vendor/laravel/lumen-framework/src/Routing/Pipeline.php(32): call_user_func(Object(Closure), Object(Illuminate\Http\Request))
#49 /var/www/Lumen-Doctrine-DDD-Example/vendor/graham-campbell/throttle/src/Http/Middleware/ThrottleMiddleware.php(62): Laravel\Lumen\Routing\Pipeline->Laravel\Lumen\Routing\{closure}(Object(Illuminate\Http\Request))
#50 /var/www/Lumen-Doctrine-DDD-Example/vendor/illuminate/pipeline/Pipeline.php(137): GrahamCampbell\Throttle\Http\Middleware\ThrottleMiddleware->handle(Object(Illuminate\Http\Request), Object(Closure), '3000:5')
#51 [internal function]: Illuminate\Pipeline\Pipeline->Illuminate\Pipeline\{closure}(Object(Illuminate\Http\Request))
#52 /var/www/Lumen-Doctrine-DDD-Example/vendor/laravel/lumen-framework/src/Routing/Pipeline.php(32): call_user_func(Object(Closure), Object(Illuminate\Http\Request))
#53 /var/www/Lumen-Doctrine-DDD-Example/vendor/illuminate/pipeline/Pipeline.php(104): Laravel\Lumen\Routing\Pipeline->Laravel\Lumen\Routing\{closure}(Object(Illuminate\Http\Request))
#54 /var/www/Lumen-Doctrine-DDD-Example/vendor/laravel/lumen-framework/src/Concerns/RoutesRequests.php(780): Illuminate\Pipeline\Pipeline->then(Object(Closure))
#55 /var/www/Lumen-Doctrine-DDD-Example/vendor/laravel/lumen-framework/src/Concerns/RoutesRequests.php(626): Laravel\Lumen\Application->sendThroughPipeline(Array, Object(Closure))
#56 /var/www/Lumen-Doctrine-DDD-Example/vendor/laravel/lumen-framework/src/Concerns/RoutesRequests.php(529): Laravel\Lumen\Application->handleFoundRoute(Array)
#57 [internal function]: Laravel\Lumen\Application->Laravel\Lumen\Concerns\{closure}(Object(Illuminate\Http\Request))
#58 /var/www/Lumen-Doctrine-DDD-Example/vendor/laravel/lumen-framework/src/Routing/Pipeline.php(52): call_user_func(Object(Closure), Object(Illuminate\Http\Request))
#59 /var/www/Lumen-Doctrine-DDD-Example/Application/Lumen53/core/Http/Middleware/CORSMiddleware.php(30): Laravel\Lumen\Routing\Pipeline->Laravel\Lumen\Routing\{closure}(Object(Illuminate\Http\Request))
#60 /var/www/Lumen-Doctrine-DDD-Example/vendor/illuminate/pipeline/Pipeline.php(137): Application\Lumen53\Http\Middleware\CORSMiddleware->handle(Object(Illuminate\Http\Request), Object(Closure))
#61 [internal function]: Illuminate\Pipeline\Pipeline->Illuminate\Pipeline\{closure}(Object(Illuminate\Http\Request))
#62 /var/www/Lumen-Doctrine-DDD-Example/vendor/laravel/lumen-framework/src/Routing/Pipeline.php(32): call_user_func(Object(Closure), Object(Illuminate\Http\Request))
#63 /var/www/Lumen-Doctrine-DDD-Example/vendor/illuminate/pipeline/Pipeline.php(104): Laravel\Lumen\Routing\Pipeline->Laravel\Lumen\Routing\{closure}(Object(Illuminate\Http\Request))
#64 /var/www/Lumen-Doctrine-DDD-Example/vendor/laravel/lumen-framework/src/Concerns/RoutesRequests.php(780): Illuminate\Pipeline\Pipeline->then(Object(Closure))
#65 /var/www/Lumen-Doctrine-DDD-Example/vendor/laravel/lumen-framework/src/Concerns/RoutesRequests.php(535): Laravel\Lumen\Application->sendThroughPipeline(Array, Object(Closure))
#66 /var/www/Lumen-Doctrine-DDD-Example/vendor/laravel/lumen-framework/src/Concerns/RoutesRequests.php(476): Laravel\Lumen\Application->dispatch(Object(Illuminate\Http\Request))
#67 /var/www/Lumen-Doctrine-DDD-Example/Application/Lumen53/public/index.php(28): Laravel\Lumen\Application->run(Object(Illuminate\Http\Request))
#68 {main}  
[2018-04-02 23:36:54] lumen.ERROR: Doctrine\Common\Persistence\Mapping\MappingException: No mapping file found named 'Domain.Entities.Product.dcm.yml' for class 'Domain\Entities\Product'. in /var/www/Lumen-Doctrine-DDD-Example/vendor/doctrine/common/lib/Doctrine/Common/Persistence/Mapping/MappingException.php:75
Stack trace:
#0 /var/www/Lumen-Doctrine-DDD-Example/vendor/doctrine/common/lib/Doctrine/Common/Persistence/Mapping/Driver/DefaultFileLocator.php(120): Doctrine\Common\Persistence\Mapping\MappingException::mappingFileNotFound('Domain\\Entities...', 'Domain.Entities...')
#1 /var/www/Lumen-Doctrine-DDD-Example/vendor/doctrine/common/lib/Doctrine/Common/Persistence/Mapping/Driver/FileDriver.php(115): Doctrine\Common\Persistence\Mapping\Driver\DefaultFileLocator->findMappingFile('Domain\\Entities...')
#2 /var/www/Lumen-Doctrine-DDD-Example/vendor/doctrine/orm/lib/Doctrine/ORM/Mapping/Driver/YamlDriver.php(55): Doctrine\Common\Persistence\Mapping\Driver\FileDriver->getElement('Domain\\Entities...')
#3 /var/www/Lumen-Doctrine-DDD-Example/vendor/doctrine/common/lib/Doctrine/Common/Persistence/Mapping/Driver/MappingDriverChain.php(102): Doctrine\ORM\Mapping\Driver\YamlDriver->loadMetadataForClass('Domain\\Entities...', Object(Doctrine\ORM\Mapping\ClassMetadata))
#4 /var/www/Lumen-Doctrine-DDD-Example/vendor/doctrine/orm/lib/Doctrine/ORM/Mapping/ClassMetadataFactory.php(151): Doctrine\Common\Persistence\Mapping\Driver\MappingDriverChain->loadMetadataForClass('Domain\\Entities...', Object(Doctrine\ORM\Mapping\ClassMetadata))
#5 /var/www/Lumen-Doctrine-DDD-Example/vendor/doctrine/common/lib/Doctrine/Common/Persistence/Mapping/AbstractClassMetadataFactory.php(333): Doctrine\ORM\Mapping\ClassMetadataFactory->doLoadMetadata(Object(Doctrine\ORM\Mapping\ClassMetadata), NULL, false, Array)
#6 /var/www/Lumen-Doctrine-DDD-Example/vendor/doctrine/orm/lib/Doctrine/ORM/Mapping/ClassMetadataFactory.php(78): Doctrine\Common\Persistence\Mapping\AbstractClassMetadataFactory->loadMetadata('Domain\\Entities...')
#7 /var/www/Lumen-Doctrine-DDD-Example/vendor/doctrine/common/lib/Doctrine/Common/Persistence/Mapping/AbstractClassMetadataFactory.php(217): Doctrine\ORM\Mapping\ClassMetadataFactory->loadMetadata('Domain\\Entities...')
#8 /var/www/Lumen-Doctrine-DDD-Example/vendor/doctrine/orm/lib/Doctrine/ORM/EntityManager.php(281): Doctrine\Common\Persistence\Mapping\AbstractClassMetadataFactory->getMetadataFor('Domain\\Entities...')
#9 /var/www/Lumen-Doctrine-DDD-Example/vendor/doctrine/orm/lib/Doctrine/ORM/Query/Parser.php(1710): Doctrine\ORM\EntityManager->getClassMetadata('Domain\\Entities...')
#10 /var/www/Lumen-Doctrine-DDD-Example/vendor/doctrine/orm/lib/Doctrine/ORM/Query/Parser.php(1557): Doctrine\ORM\Query\Parser->RangeVariableDeclaration()
#11 /var/www/Lumen-Doctrine-DDD-Example/vendor/doctrine/orm/lib/Doctrine/ORM/Query/Parser.php(1292): Doctrine\ORM\Query\Parser->IdentificationVariableDeclaration()
#12 /var/www/Lumen-Doctrine-DDD-Example/vendor/doctrine/orm/lib/Doctrine/ORM/Query/Parser.php(874): Doctrine\ORM\Query\Parser->FromClause()
#13 /var/www/Lumen-Doctrine-DDD-Example/vendor/doctrine/orm/lib/Doctrine/ORM/Query/Parser.php(843): Doctrine\ORM\Query\Parser->SelectStatement()
#14 /var/www/Lumen-Doctrine-DDD-Example/vendor/doctrine/orm/lib/Doctrine/ORM/Query/Parser.php(268): Doctrine\ORM\Query\Parser->QueryLanguage()
#15 /var/www/Lumen-Doctrine-DDD-Example/vendor/doctrine/orm/lib/Doctrine/ORM/Query/Parser.php(351): Doctrine\ORM\Query\Parser->getAST()
#16 /var/www/Lumen-Doctrine-DDD-Example/vendor/doctrine/orm/lib/Doctrine/ORM/Tools/Pagination/Paginator.php(263): Doctrine\ORM\Query\Parser->parse()
#17 /var/www/Lumen-Doctrine-DDD-Example/vendor/doctrine/orm/lib/Doctrine/ORM/Tools/Pagination/Paginator.php(123): Doctrine\ORM\Tools\Pagination\Paginator->getCountQuery()
#18 /var/www/Lumen-Doctrine-DDD-Example/Infrastructure/Persistence/Doctrine/Repositories/Paginator.php(48): Doctrine\ORM\Tools\Pagination\Paginator->count()
#19 /var/www/Lumen-Doctrine-DDD-Example/Infrastructure/Persistence/Doctrine/Repositories/AbstractRepository.php(57): Infrastructure\Persistence\Doctrine\Repositories\Paginator->__construct(Object(Doctrine\ORM\Query), 1)
#20 /var/www/Lumen-Doctrine-DDD-Example/Infrastructure/Persistence/Doctrine/Repositories/ProductRepository.php(33): Infrastructure\Persistence\Doctrine\Repositories\AbstractRepository->getPaginatedData(Object(Doctrine\ORM\Query), Array)
#21 /var/www/Lumen-Doctrine-DDD-Example/Domain/Abstractions/AbstractDomainService.php(35): Infrastructure\Persistence\Doctrine\Repositories\ProductRepository->findAllFiltered(Array)
#22 /var/www/Lumen-Doctrine-DDD-Example/Application/Services/ProductService.php(18): Domain\Abstractions\AbstractDomainService->findAllFiltered(Array)
#23 /var/www/Lumen-Doctrine-DDD-Example/Application/Lumen53/core/Http/Controllers/Controller.php(36): Application\Services\ProductService->findAll(Array)
#24 [internal function]: Application\Lumen53\Http\Controllers\Controller->index(Object(Illuminate\Http\Request))
#25 /var/www/Lumen-Doctrine-DDD-Example/vendor/illuminate/container/Container.php(508): call_user_func_array(Array, Array)
#26 /var/www/Lumen-Doctrine-DDD-Example/vendor/laravel/lumen-framework/src/Concerns/RoutesRequests.php(743): Illuminate\Container\Container->call(Array, Array)
#27 /var/www/Lumen-Doctrine-DDD-Example/vendor/laravel/lumen-framework/src/Concerns/RoutesRequests.php(709): Laravel\Lumen\Application->callControllerCallable(Array, Array)
#28 /var/www/Lumen-Doctrine-DDD-Example/vendor/laravel/lumen-framework/src/Concerns/RoutesRequests.php(683): Laravel\Lumen\Application->callLumenController(Object(Application\Lumen53\Http\Controllers\ProductController), 'index', Array)
#29 /var/www/Lumen-Doctrine-DDD-Example/vendor/laravel/lumen-framework/src/Concerns/RoutesRequests.php(645): Laravel\Lumen\Application->callControllerAction(Array)
#30 /var/www/Lumen-Doctrine-DDD-Example/vendor/laravel/lumen-framework/src/Concerns/RoutesRequests.php(625): Laravel\Lumen\Application->callActionOnArrayBasedRoute(Array)
#31 [internal function]: Laravel\Lumen\Application->Laravel\Lumen\Concerns\{closure}(Object(Illuminate\Http\Request))
#32 /var/www/Lumen-Doctrine-DDD-Example/vendor/laravel/lumen-framework/src/Routing/Pipeline.php(52): call_user_func(Object(Closure), Object(Illuminate\Http\Request))
#33 /var/www/Lumen-Doctrine-DDD-Example/Application/Lumen53/core/Http/Middleware/CORSMiddleware.php(30): Laravel\Lumen\Routing\Pipeline->Laravel\Lumen\Routing\{closure}(Object(Illuminate\Http\Request))
#34 /var/www/Lumen-Doctrine-DDD-Example/vendor/illuminate/pipeline/Pipeline.php(137): Application\Lumen53\Http\Middleware\CORSMiddleware->handle(Object(Illuminate\Http\Request), Object(Closure))
#35 [internal function]: Illuminate\Pipeline\Pipeline->Illuminate\Pipeline\{closure}(Object(Illuminate\Http\Request))
#36 /var/www/Lumen-Doctrine-DDD-Example/vendor/laravel/lumen-framework/src/Routing/Pipeline.php(32): call_user_func(Object(Closure), Object(Illuminate\Http\Request))
#37 /var/www/Lumen-Doctrine-DDD-Example/vendor/graham-campbell/throttle/src/Http/Middleware/ThrottleMiddleware.php(62): Laravel\Lumen\Routing\Pipeline->Laravel\Lumen\Routing\{closure}(Object(Illuminate\Http\Request))
#38 /var/www/Lumen-Doctrine-DDD-Example/vendor/illuminate/pipeline/Pipeline.php(137): GrahamCampbell\Throttle\Http\Middleware\ThrottleMiddleware->handle(Object(Illuminate\Http\Request), Object(Closure), '30:5')
#39 [internal function]: Illuminate\Pipeline\Pipeline->Illuminate\Pipeline\{closure}(Object(Illuminate\Http\Request))
#40 /var/www/Lumen-Doctrine-DDD-Example/vendor/laravel/lumen-framework/src/Routing/Pipeline.php(32): call_user_func(Object(Closure), Object(Illuminate\Http\Request))
#41 /var/www/Lumen-Doctrine-DDD-Example/Application/Lumen53/core/Http/Middleware/JWTMiddleware.php(30): Laravel\Lumen\Routing\Pipeline->Laravel\Lumen\Routing\{closure}(Object(Illuminate\Http\Request))
#42 /var/www/Lumen-Doctrine-DDD-Example/vendor/illuminate/pipeline/Pipeline.php(137): Application\Lumen53\Http\Middleware\JWTMiddleware->handle(Object(Illuminate\Http\Request), Object(Closure))
#43 [internal function]: Illuminate\Pipeline\Pipeline->Illuminate\Pipeline\{closure}(Object(Illuminate\Http\Request))
#44 /var/www/Lumen-Doctrine-DDD-Example/vendor/laravel/lumen-framework/src/Routing/Pipeline.php(32): call_user_func(Object(Closure), Object(Illuminate\Http\Request))
#45 /var/www/Lumen-Doctrine-DDD-Example/Application/Lumen53/core/Http/Middleware/CORSMiddleware.php(30): Laravel\Lumen\Routing\Pipeline->Laravel\Lumen\Routing\{closure}(Object(Illuminate\Http\Request))
#46 /var/www/Lumen-Doctrine-DDD-Example/vendor/illuminate/pipeline/Pipeline.php(137): Application\Lumen53\Http\Middleware\CORSMiddleware->handle(Object(Illuminate\Http\Request), Object(Closure))
#47 [internal function]: Illuminate\Pipeline\Pipeline->Illuminate\Pipeline\{closure}(Object(Illuminate\Http\Request))
#48 /var/www/Lumen-Doctrine-DDD-Example/vendor/laravel/lumen-framework/src/Routing/Pipeline.php(32): call_user_func(Object(Closure), Object(Illuminate\Http\Request))
#49 /var/www/Lumen-Doctrine-DDD-Example/vendor/graham-campbell/throttle/src/Http/Middleware/ThrottleMiddleware.php(62): Laravel\Lumen\Routing\Pipeline->Laravel\Lumen\Routing\{closure}(Object(Illuminate\Http\Request))
#50 /var/www/Lumen-Doctrine-DDD-Example/vendor/illuminate/pipeline/Pipeline.php(137): GrahamCampbell\Throttle\Http\Middleware\ThrottleMiddleware->handle(Object(Illuminate\Http\Request), Object(Closure), '3000:5')
#51 [internal function]: Illuminate\Pipeline\Pipeline->Illuminate\Pipeline\{closure}(Object(Illuminate\Http\Request))
#52 /var/www/Lumen-Doctrine-DDD-Example/vendor/laravel/lumen-framework/src/Routing/Pipeline.php(32): call_user_func(Object(Closure), Object(Illuminate\Http\Request))
#53 /var/www/Lumen-Doctrine-DDD-Example/vendor/illuminate/pipeline/Pipeline.php(104): Laravel\Lumen\Routing\Pipeline->Laravel\Lumen\Routing\{closure}(Object(Illuminate\Http\Request))
#54 /var/www/Lumen-Doctrine-DDD-Example/vendor/laravel/lumen-framework/src/Concerns/RoutesRequests.php(780): Illuminate\Pipeline\Pipeline->then(Object(Closure))
#55 /var/www/Lumen-Doctrine-DDD-Example/vendor/laravel/lumen-framework/src/Concerns/RoutesRequests.php(626): Laravel\Lumen\Application->sendThroughPipeline(Array, Object(Closure))
#56 /var/www/Lumen-Doctrine-DDD-Example/vendor/laravel/lumen-framework/src/Concerns/RoutesRequests.php(529): Laravel\Lumen\Application->handleFoundRoute(Array)
#57 [internal function]: Laravel\Lumen\Application->Laravel\Lumen\Concerns\{closure}(Object(Illuminate\Http\Request))
#58 /var/www/Lumen-Doctrine-DDD-Example/vendor/laravel/lumen-framework/src/Routing/Pipeline.php(52): call_user_func(Object(Closure), Object(Illuminate\Http\Request))
#59 /var/www/Lumen-Doctrine-DDD-Example/Application/Lumen53/core/Http/Middleware/CORSMiddleware.php(30): Laravel\Lumen\Routing\Pipeline->Laravel\Lumen\Routing\{closure}(Object(Illuminate\Http\Request))
#60 /var/www/Lumen-Doctrine-DDD-Example/vendor/illuminate/pipeline/Pipeline.php(137): Application\Lumen53\Http\Middleware\CORSMiddleware->handle(Object(Illuminate\Http\Request), Object(Closure))
#61 [internal function]: Illuminate\Pipeline\Pipeline->Illuminate\Pipeline\{closure}(Object(Illuminate\Http\Request))
#62 /var/www/Lumen-Doctrine-DDD-Example/vendor/laravel/lumen-framework/src/Routing/Pipeline.php(32): call_user_func(Object(Closure), Object(Illuminate\Http\Request))
#63 /var/www/Lumen-Doctrine-DDD-Example/vendor/illuminate/pipeline/Pipeline.php(104): Laravel\Lumen\Routing\Pipeline->Laravel\Lumen\Routing\{closure}(Object(Illuminate\Http\Request))
#64 /var/www/Lumen-Doctrine-DDD-Example/vendor/laravel/lumen-framework/src/Concerns/RoutesRequests.php(780): Illuminate\Pipeline\Pipeline->then(Object(Closure))
#65 /var/www/Lumen-Doctrine-DDD-Example/vendor/laravel/lumen-framework/src/Concerns/RoutesRequests.php(535): Laravel\Lumen\Application->sendThroughPipeline(Array, Object(Closure))
#66 /var/www/Lumen-Doctrine-DDD-Example/vendor/laravel/lumen-framework/src/Concerns/RoutesRequests.php(476): Laravel\Lumen\Application->dispatch(Object(Illuminate\Http\Request))
#67 /var/www/Lumen-Doctrine-DDD-Example/Application/Lumen53/public/index.php(28): Laravel\Lumen\Application->run(Object(Illuminate\Http\Request))
#68 {main}  
